# callgrind format
version: 1
creator: pprofile
event: usphit :microseconds/hit
events: hits microseconds usphit
cmd: ./send_reminders.py '2021-01-13|Example|test1,test2,test3,test4,test5,test6,test6,test8,test9'
fl=<frozen zipimport>
fn=__init__:63
63 1 5 5
64 1 8 8
67 1 5 5
69 1 4 4
72 1 4 4
74 1 4 4
75 1 12 12
cfl=<frozen importlib._bootstrap_external>
cfn=_path_stat:80
calls=1 80
75 1 18 18
86 1 5 5
88 1 7 7
fl=/usr/lib/python3.8/sre_compile.py
fn=isstring:595
595 28 74 2
596 28 99 3
fn=compile:759
759 14 47 3
762 14 127 9
cfl=/usr/lib/python3.8/sre_compile.py
cfn=isstring:595
calls=14 595
762 14 82 5
763 14 51 3
764 14 147 10
cfl=/usr/lib/python3.8/sre_parse.py
cfn=parse:937
calls=14 937
764 14 57466 4104
768 14 135 9
cfl=/usr/lib/python3.8/sre_compile.py
cfn=_code:598
calls=14 598
768 14 32542 2324
770 14 54 3
775 14 53 3
776 14 133 9
cfl=/usr/lib/python3.8/sre_parse.py
cfn=groups:81
calls=14 81
776 14 86 6
777 17 72 4
778 3 10 3
780 28 118 4
781 14 52 3
782 14 124 8
cfl=/usr/lib/python3.8/sre_parse.py
cfn=groups:81
calls=14 81
782 14 81 5
783 14 52 3
fn=_code:598
598 14 43 3
600 14 49 3
601 14 45 3
604 14 136 9
cfl=/usr/lib/python3.8/sre_compile.py
cfn=_compile_info:536
calls=14 536
604 14 11833 845
607 14 155 11
cfl=/usr/lib/python3.8/sre_compile.py
cfn=_compile:71
calls=14 71
607 14 20174 1441
609 14 48 3
611 14 56 4
fn=_compile_info:536
536 14 49 3
540 14 140 10
cfl=/usr/lib/python3.8/sre_parse.py
cfn=getwidth:174
calls=14 174
540 14 1749 124
541 14 61 4
543 14 54 3
547 14 53 3
548 14 55 3
549 14 53 3
550 14 55 3
552 14 144 10
cfl=/usr/lib/python3.8/sre_compile.py
cfn=_get_literal_prefix:461
calls=14 461
552 14 1165 83
554 14 54 3
555 13 129 9
cfl=/usr/lib/python3.8/sre_compile.py
cfn=_get_charset_prefix:492
calls=13 492
555 13 839 64
561 14 53 3
562 14 55 3
563 14 56 4
565 14 53 3
566 14 50 3
567 1 3 3
568 1 4 4
570 13 44 3
571 5 17 3
572 14 51 3
574 14 47 3
575 14 48 3
579 14 53 3
581 14 73 5
582 1 4 4
583 1 4 4
584 1 4 4
585 1 4 4
586 1 60 60
588 1 12 12
cfl=/usr/lib/python3.8/sre_compile.py
cfn=_generate_overlap_table:432
calls=1 432
588 1 43 43
589 13 45 3
590 5 61 12
cfl=/usr/lib/python3.8/sre_compile.py
cfn=_optimize_charset:276
calls=5 276
590 5 6004 1200
591 5 20 4
592 5 51 10
cfl=/usr/lib/python3.8/sre_compile.py
cfn=_compile_charset:249
calls=5 249
592 5 238 47
593 14 55 3
fn=_get_literal_prefix:461
461 17 63 3
463 17 69 4
464 17 68 4
465 17 68 4
466 17 159 9
cfl=/usr/lib/python3.8/sre_compile.py
cfn=_get_iscased:453
calls=17 453
466 17 188 11
467 19 82 4
468 19 77 4
469 3 11 3
470 1 4 4
471 2 8 4
472 16 60 3
473 3 11 3
474 3 31 10
cfl=/usr/lib/python3.8/sre_compile.py
cfn=_combine_flags:65
calls=3 65
474 3 31 10
475 3 15 5
477 3 31 10
cfl=/usr/lib/python3.8/sre_compile.py
cfn=_get_literal_prefix:461
calls=3 461
477 3 158 52
478 3 11 3
479 3 10 3
480 3 12 4
483 3 12 4
484 3 11 3
485 3 10 3
487 13 47 3
490 17 63 3
fn=_get_iscased:453
453 30 92 3
454 30 102 3
455 25 81 3
456 5 15 3
457 5 17 3
fn=_get_charset_prefix:492
492 13 44 3
494 16 61 3
496 16 61 3
497 16 60 3
498 13 46 3
499 3 11 3
500 3 27 9
cfl=/usr/lib/python3.8/sre_compile.py
cfn=_combine_flags:65
calls=3 65
500 3 28 9
501 3 12 4
504 13 113 8
cfl=/usr/lib/python3.8/sre_compile.py
cfn=_get_iscased:453
calls=13 453
504 13 122 9
505 13 49 3
506 1 3 3
507 1 4 4
509 12 44 3
521 12 43 3
522 5 18 3
523 5 20 4
524 2 7 3
525 1 7 7
528 1 4 4
533 5 19 3
534 7 25 3
fn=_compile:71
71 37 179 4
73 37 188 5
74 37 186 5
75 37 185 5
76 37 169 4
77 37 172 4
78 37 174 4
79 37 173 4
80 37 176 4
81 37 169 4
82 37 167 4
83 15 76 5
84 15 67 4
85 15 68 4
86 15 64 4
90 105 778 7
cfl=/usr/lib/python3.8/sre_parse.py
cfn=__getitem__:164
calls=55 164
90 55 515 9
91 68 299 4
92 24 102 4
93 12 55 4
94 12 55 4
95 12 54 4
98 12 53 4
99 8 32 4
100 8 36 4
102 4 18 4
103 4 17 4
106 4 18 4
107 4 17 4
108 4 17 4
119 44 197 4
120 24 286 11
cfl=/usr/lib/python3.8/sre_compile.py
cfn=_optimize_charset:276
calls=24 276
120 24 11502 479
121 24 116 4
123 24 106 4
124 24 109 4
129 24 113 4
130 24 248 10
cfl=/usr/lib/python3.8/sre_compile.py
cfn=_compile_charset:249
calls=24 249
130 24 1047 43
131 24 110 4
132 20 85 4
133 2 8 4
136 2 9 4
137 18 80 4
138 9 37 4
140 9 92 10
cfl=/usr/lib/python3.8/sre_compile.py
cfn=_simple:423
calls=9 423
140 9 377 41
141 9 41 4
142 8 36 4
144 1 4 4
145 9 43 4
146 9 41 4
147 9 39 4
148 9 116 12
cfl=/usr/lib/python3.8/sre_compile.py
cfn=_compile:71
calls=9 71
148 9 4549 505
149 9 42 4
150 9 41 4
162 9 41 4
163 6 27 4
164 6 28 4
165 6 26 4
166 6 52 8
168 6 109 18
cfl=/usr/lib/python3.8/sre_compile.py
cfn=_combine_flags:65
calls=6 65
168 6 61 10
cfl=/usr/lib/python3.8/sre_compile.py
cfn=_compile:71
calls=6 71
168 6 2893 482
169 6 29 4
170 6 27 4
171 6 28 4
172 3 14 4
174 3 13 4
187 3 13 4
193 3 13 4
194 1 4 4
195 1 5 5
196 1 5 5
197 1 5 5
199 1 5 5
200 1 5 5
201 1 5 5
202 2 8 4
203 2 10 5
204 2 9 4
205 2 9 4
206 10 44 4
207 8 37 4
209 8 99 12
cfl=/usr/lib/python3.8/sre_compile.py
cfn=_compile:71
calls=8 71
209 8 3756 469
210 8 37 4
211 8 36 4
212 8 35 4
213 2 8 4
214 10 46 4
215 8 34 4
fn=_combine_flags:65
65 12 37 3
67 12 40 3
69 12 43 3
fn=_simple:423
423 9 28 3
425 9 78 8
cfl=/usr/lib/python3.8/sre_parse.py
cfn=__len__:160
calls=9 160
425 9 52 5
427 9 76 8
cfl=/usr/lib/python3.8/sre_parse.py
cfn=__getitem__:164
calls=9 164
427 9 81 9
428 9 30 3
430 9 29 3
fn=_generate_overlap_table:432
432 1 5 5
441 1 4 4
442 2 8 4
443 1 4 4
444 1 3 3
445 1 5 5
446 1 3 3
447 1 4 4
451 1 2 2
fn=_optimize_charset:276
276 29 124 4
278 29 133 4
279 29 130 4
280 29 137 4
281 29 124 4
282 169 673 3
284 142 574 4
285 142 563 3
286 121 488 4
295 121 502 4
296 21 86 4
297 10 43 4
298 10 41 4
299 8 31 3
300 60 236 3
301 52 197 3
302 52 200 3
308 8 30 3
309 8 36 4
311 68 280 4
312 66 249 3
313 11 46 4
314 4 18 4
316 7 30 4
317 2 10 5
318 2 12 6
320 2 47 23
321 2 10 5
331 140 542 3
334 29 118 4
335 29 115 3
337 65 279 4
338 65 254 3
339 20 77 3
340 45 182 4
341 9 35 3
342 9 36 4
343 36 146 4
344 36 135 3
347 36 143 3
348 29 113 3
350 38 149 3
351 18 67 3
352 8 34 4
354 10 40 4
355 20 76 3
357 20 82 4
360 20 78 3
363 9 38 4
364 7 75 10
cfl=/usr/lib/python3.8/sre_compile.py
cfn=_mk_bitmap:411
calls=7 411
364 7 760 108
365 7 30 4
366 7 30 4
367 7 27 3
389 2 30 15
390 2 9 4
391 2 9 4
392 2 8 4
393 2 9 4
394 514 1936 3
395 512 1946 3
396 512 1959 3
397 504 1940 3
399 8 33 4
400 8 30 3
401 8 33 4
402 2 26 13
cfl=/usr/lib/python3.8/sre_compile.py
cfn=_mk_bitmap:411
calls=2 411
402 2 682 341
403 2 26 13
cfl=/usr/lib/python3.8/sre_compile.py
cfn=_bytes_to_codes:416
calls=2 416
403 2 55 27
404 2 10 5
405 2 8 4
406 2 8 4
fn=_mk_bitmap:411
411 9 35 3
412 9 48 5
413 18 120 6
cfl=/usr/lib/python3.8/sre_compile.py
cfn=<listcomp>:413
calls=9 413
413 9 1201 133
414 9 36 4
fn=<listcomp>:413
413 258 833 3
414 120 367 3
fn=_compile_charset:249
249 29 93 3
251 29 102 3
252 67 231 3
253 38 127 3
254 38 120 3
255 4 12 3
256 34 108 3
257 8 25 3
258 26 87 3
259 10 33 3
260 10 32 3
261 16 54 3
262 7 27 3
263 9 28 3
264 2 8 4
265 7 24 3
266 7 23 3
268 7 23 3
269 7 24 3
274 29 95 3
fn=_bytes_to_codes:416
416 2 7 3
418 2 11 5
419 2 9 4
420 2 7 3
421 2 18 9
fl=/usr/lib/python3.8/sre_parse.py
fn=parse:937
937 14 44 3
940 14 156 11
cfl=/usr/lib/python3.8/sre_parse.py
cfn=__init__:224
calls=14 224
940 14 771 55
942 14 51 3
943 14 126 9
cfl=/usr/lib/python3.8/sre_parse.py
cfn=__init__:76
calls=14 76
943 14 244 17
944 14 48 3
945 14 47 3
947 14 46 3
948 14 197 14
cfl=/usr/lib/python3.8/sre_parse.py
cfn=_parse_sub:435
calls=14 435
948 14 55183 3941
958 14 126 9
cfl=/usr/lib/python3.8/sre_parse.py
cfn=fix_flags:921
calls=14 921
958 14 276 19
960 14 50 3
964 14 50 3
967 14 44 3
fn=__init__:224
224 16 48 3
225 16 58 3
226 16 52 3
227 16 51 3
229 16 51 3
230 16 51 3
231 16 47 2
232 16 138 8
cfl=/usr/lib/python3.8/sre_parse.py
cfn=__next:233
calls=16 233
232 16 399 24
fn=__next:233
233 489 1267 2
234 489 1541 3
235 489 1566 3
236 489 1538 3
237 18 61 3
238 18 61 3
239 18 61 3
240 471 1427 3
241 57 175 3
242 57 172 3
243 57 183 3
247 471 1430 3
248 471 1437 3
fn=__init__:76
76 14 40 2
77 14 44 3
78 14 45 3
79 14 59 4
80 14 54 3
fn=_parse_sub:435
435 20 79 3
438 20 85 4
439 20 84 4
440 20 79 3
441 20 188 9
cfl=/usr/lib/python3.8/sre_parse.py
cfn=tell:286
calls=20 286
441 20 126 6
443 54 479 8
cfl=/usr/lib/python3.8/sre_parse.py
cfn=_parse:493
calls=27 493
443 27 53656 1987
444 27 102 3
445 27 242 8
cfl=/usr/lib/python3.8/sre_parse.py
cfn=match:249
calls=27 249
445 27 466 17
446 20 77 3
448 20 77 3
449 17 62 3
451 3 29 9
cfl=/usr/lib/python3.8/sre_parse.py
cfn=__init__:111
calls=3 111
451 3 55 18
455 3 12 4
456 6 25 4
457 6 52 8
cfl=/usr/lib/python3.8/sre_parse.py
cfn=__len__:160
calls=6 160
457 6 34 5
459 6 23 3
460 3 26 8
cfl=/usr/lib/python3.8/sre_parse.py
cfn=__getitem__:164
calls=3 164
460 3 32 10
461 3 25 8
cfl=/usr/lib/python3.8/sre_parse.py
cfn=__getitem__:164
calls=3 164
461 3 26 8
462 3 11 3
473 3 11 3
474 5 18 3
475 4 36 9
cfl=/usr/lib/python3.8/sre_parse.py
cfn=__len__:160
calls=4 160
475 4 23 5
476 2 6 3
477 2 18 9
cfl=/usr/lib/python3.8/sre_parse.py
cfn=__getitem__:164
calls=2 164
477 2 17 8
478 2 8 4
479 2 7 3
487 1 14 14
cfl=/usr/lib/python3.8/sre_parse.py
cfn=_uniq:432
calls=1 432
487 1 9 9
cfl=/usr/lib/python3.8/sre_parse.py
cfn=append:172
calls=1 172
487 1 6 6
488 1 4 4
490 2 20 10
cfl=/usr/lib/python3.8/sre_parse.py
cfn=append:172
calls=2 172
490 2 11 5
491 2 8 4
fn=tell:286
286 53 161 3
287 53 184 3
fn=_parse:493
493 27 174 6
495 27 357 13
cfl=/usr/lib/python3.8/sre_parse.py
cfn=__init__:111
calls=27 111
495 27 531 19
498 27 175 6
499 27 172 6
500 27 170 6
501 27 173 6
502 27 172 6
506 204 1158 5
507 204 1131 5
508 14 78 5
509 190 1039 5
510 13 72 5
511 177 2025 11
cfl=/usr/lib/python3.8/sre_parse.py
cfn=get:254
calls=177 254
511 177 6901 38
513 177 975 5
515 121 666 5
516 103 560 5
517 18 96 5
519 107 1209 11
cfl=/usr/lib/python3.8/sre_parse.py
cfn=get:254
calls=107 254
519 107 4075 38
520 107 592 5
521 7 36 5
524 67 384 5
525 12 169 14
cfl=/usr/lib/python3.8/sre_parse.py
cfn=_escape:355
calls=12 355
525 12 393 32
526 12 150 12
cfl=/usr/lib/python3.8/sre_parse.py
cfn=append:172
calls=12 172
526 12 82 6
528 55 317 5
529 19 248 13
cfl=/usr/lib/python3.8/sre_parse.py
cfn=append:172
calls=19 172
529 19 126 6
531 36 226 6
532 18 218 12
cfl=/usr/lib/python3.8/sre_parse.py
cfn=tell:286
calls=18 286
532 18 118 6
534 18 107 5
535 18 105 5
538 18 130 7
544 18 209 11
cfl=/usr/lib/python3.8/sre_parse.py
cfn=match:249
calls=18 249
544 18 321 17
547 124 1446 11
cfl=/usr/lib/python3.8/sre_parse.py
cfn=get:254
calls=124 254
547 124 5153 41
548 124 689 5
551 124 686 5
552 18 98 5
553 106 586 5
554 41 516 12
cfl=/usr/lib/python3.8/sre_parse.py
cfn=_class_escape:295
calls=41 295
554 41 2252 54
556 65 362 5
567 65 366 5
568 106 1224 11
cfl=/usr/lib/python3.8/sre_parse.py
cfn=match:249
calls=106 249
568 106 1294 12
570 9 107 11
cfl=/usr/lib/python3.8/sre_parse.py
cfn=get:254
calls=9 254
570 9 349 38
571 9 54 6
574 9 53 5
580 9 52 5
581 1 15 15
cfl=/usr/lib/python3.8/sre_parse.py
cfn=_class_escape:295
calls=1 295
581 1 150 150
583 8 44 5
590 8 47 5
591 9 68 7
594 9 62 6
595 9 52 5
596 9 52 5
599 9 54 6
601 97 543 5
603 97 542 5
605 18 223 12
cfl=/usr/lib/python3.8/sre_parse.py
cfn=_uniq:432
calls=18 432
605 18 152 8
607 18 108 6
609 1 6 6
610 1 16 16
cfl=/usr/lib/python3.8/sre_parse.py
cfn=append:172
calls=1 172
610 1 6 6
614 17 94 5
615 4 23 5
618 17 209 12
cfl=/usr/lib/python3.8/sre_parse.py
cfn=append:172
calls=17 172
618 17 117 6
620 18 104 5
622 9 105 11
cfl=/usr/lib/python3.8/sre_parse.py
cfn=tell:286
calls=9 286
622 9 60 6
623 9 53 5
625 9 51 5
626 3 18 6
628 6 34 5
629 6 36 6
663 9 115 12
cfl=/usr/lib/python3.8/sre_parse.py
cfn=__len__:160
calls=9 160
663 9 60 6
664 9 115 12
cfl=/usr/lib/python3.8/sre_parse.py
cfn=__getitem__:164
calls=9 164
664 9 279 31
667 9 166 18
cfl=/usr/lib/python3.8/sre_parse.py
cfn=__len__:160
calls=9 160
667 9 57 6
cfl=/usr/lib/python3.8/sre_parse.py
cfn=__getitem__:164
calls=9 164
667 9 87 9
670 9 110 12
cfl=/usr/lib/python3.8/sre_parse.py
cfn=__getitem__:164
calls=9 164
670 9 84 9
673 9 108 12
cfl=/usr/lib/python3.8/sre_parse.py
cfn=__getitem__:164
calls=9 164
673 9 84 9
677 9 108 12
cfl=/usr/lib/python3.8/sre_parse.py
cfn=match:249
calls=9 249
677 9 116 12
678 1 14 14
cfl=/usr/lib/python3.8/sre_parse.py
cfn=__setitem__:168
calls=1 168
678 1 6 6
680 8 97 12
cfl=/usr/lib/python3.8/sre_parse.py
cfn=__setitem__:168
calls=8 168
680 8 54 6
682 9 53 5
683 2 25 12
cfl=/usr/lib/python3.8/sre_parse.py
cfn=append:172
calls=2 172
683 2 14 7
685 7 41 5
686 6 75 12
cfl=/usr/lib/python3.8/sre_parse.py
cfn=tell:286
calls=6 286
686 6 41 6
687 6 37 6
688 6 37 6
689 6 36 6
690 6 37 6
691 6 75 12
cfl=/usr/lib/python3.8/sre_parse.py
cfn=match:249
calls=6 249
691 6 150 25
693 3 36 12
cfl=/usr/lib/python3.8/sre_parse.py
cfn=get:254
calls=3 254
693 3 116 38
694 3 19 6
696 3 22 7
698 3 38 12
cfl=/usr/lib/python3.8/sre_parse.py
cfn=match:249
calls=3 249
698 3 118 39
700 3 39 13
cfl=/usr/lib/python3.8/sre_parse.py
cfn=getuntil:267
calls=3 267
700 3 313 104
701 3 20 6
827 6 37 6
828 6 34 5
829 6 78 13
cfl=/usr/lib/python3.8/sre_parse.py
cfn=opengroup:84
calls=6 84
829 6 294 49
832 12 73 6
834 6 90 15
cfl=/usr/lib/python3.8/sre_parse.py
cfn=_parse_sub:435
calls=6 435
834 6 12019 2003
835 6 77 12
cfl=/usr/lib/python3.8/sre_parse.py
cfn=match:249
calls=6 249
835 6 250 41
838 6 39 6
839 6 78 13
cfl=/usr/lib/python3.8/sre_parse.py
cfn=closegroup:96
calls=6 96
839 6 1301 216
840 6 78 13
cfl=/usr/lib/python3.8/sre_parse.py
cfn=append:172
calls=6 172
840 6 41 6
842 1 6 6
843 1 16 16
cfl=/usr/lib/python3.8/sre_parse.py
cfn=append:172
calls=1 172
843 1 8 8
852 85 715 8
cfl=/usr/lib/python3.8/sre_parse.py
cfn=__len__:160
calls=27 160
852 27 176 6
853 58 706 12
cfl=/usr/lib/python3.8/sre_parse.py
cfn=__getitem__:164
calls=58 164
853 58 557 9
854 58 338 5
855 6 34 5
856 6 35 5
859 27 144 5
fn=__init__:111
111 39 121 3
112 39 135 3
113 39 123 3
114 30 95 3
115 39 125 3
116 39 121 3
fn=get:254
254 427 1357 3
255 427 1353 3
256 427 3381 7
cfl=/usr/lib/python3.8/sre_parse.py
cfn=__next:233
calls=427 233
256 427 9480 22
257 427 1316 3
fn=append:172
172 61 197 3
173 61 218 3
fn=__len__:160
160 64 193 3
161 64 211 3
fn=__getitem__:164
164 166 509 3
165 166 540 3
166 9 81 9
cfl=/usr/lib/python3.8/sre_parse.py
cfn=__init__:111
calls=9 111
166 9 137 15
167 157 497 3
fn=match:249
249 175 560 3
250 175 570 3
251 34 274 8
cfl=/usr/lib/python3.8/sre_parse.py
cfn=__next:233
calls=34 233
251 34 758 22
252 34 114 3
253 141 439 3
fn=fix_flags:921
921 14 41 2
923 14 46 3
924 14 47 3
926 14 46 3
927 14 49 3
935 14 45 3
fn=getwidth:174
174 43 138 3
176 43 162 3
177 6 20 3
178 37 133 3
179 105 364 3
180 68 236 3
181 2 7 3
182 2 7 3
183 10 35 3
184 8 87 10
cfl=/usr/lib/python3.8/sre_parse.py
cfn=getwidth:174
calls=8 174
184 8 541 67
185 8 29 3
186 8 37 4
187 2 6 3
188 2 8 4
189 66 218 3
193 66 221 3
194 6 56 9
cfl=/usr/lib/python3.8/sre_parse.py
cfn=getwidth:174
calls=6 174
194 6 61 10
195 6 22 3
196 6 20 3
197 60 200 3
198 9 86 9
cfl=/usr/lib/python3.8/sre_parse.py
cfn=getwidth:174
calls=9 174
198 9 433 48
199 9 33 3
200 9 36 4
201 51 171 3
202 50 168 3
203 50 165 3
204 1 4 4
208 1 4 4
218 1 3 3
220 37 152 4
221 37 128 3
fn=groups:81
81 40 105 2
83 40 133 3
fn=opengroup:84
84 6 23 3
85 6 52 8
cfl=/usr/lib/python3.8/sre_parse.py
cfn=groups:81
calls=6 81
85 6 37 6
86 6 23 3
87 6 52 8
cfl=/usr/lib/python3.8/sre_parse.py
cfn=groups:81
calls=6 81
87 6 33 5
89 6 20 3
90 3 10 3
91 3 10 3
94 3 10 3
95 6 20 3
fn=__setitem__:168
168 9 30 3
169 9 30 3
fn=closegroup:96
96 6 20 3
97 6 60 10
cfl=/usr/lib/python3.8/sre_parse.py
cfn=getwidth:174
calls=6 174
97 6 1221 203
fn=_escape:355
355 12 50 4
357 12 53 4
358 12 46 3
359 6 20 3
360 6 24 4
361 6 22 3
362 2 7 3
363 4 14 3
364 4 14 3
365 4 15 3
371 4 14 3
377 4 14 3
385 4 15 3
397 4 15 3
401 4 15 3
424 4 15 3
425 4 15 3
427 4 15 3
fn=_uniq:432
432 19 62 3
433 19 100 5
fn=_class_escape:295
295 42 156 3
297 42 158 3
298 42 145 3
299 5 16 3
300 37 130 3
301 37 124 3
303 37 123 3
304 37 129 3
305 37 125 3
307 3 30 10
cfl=/usr/lib/python3.8/sre_parse.py
cfn=getwhile:258
calls=3 258
307 3 310 103
308 3 13 4
310 3 13 4
311 34 113 3
317 34 112 3
325 34 115 3
337 34 115 3
345 34 113 3
347 34 117 3
348 34 117 3
350 34 119 3
fn=getwhile:258
258 3 9 3
259 3 11 3
260 9 32 3
261 6 20 3
262 6 20 3
264 6 18 3
265 6 50 8
cfl=/usr/lib/python3.8/sre_parse.py
cfn=__next:233
calls=6 233
265 6 137 22
266 3 9 3
fn=parse_template:969
969 2 11 5
972 2 25 12
cfl=/usr/lib/python3.8/sre_parse.py
cfn=__init__:224
calls=2 224
972 2 125 62
973 2 11 5
974 2 10 5
975 2 10 5
976 2 9 4
977 2 9 4
978 2 8 4
986 2 9 4
988 7 72 10
cfl=/usr/lib/python3.8/sre_parse.py
cfn=get:254
calls=7 254
988 7 291 41
989 7 29 4
990 2 7 3
991 5 22 4
993 3 12 4
994 3 12 4
1016 3 12 4
1022 3 12 4
1023 1 3 3
1024 1 5 5
1035 1 4 4
1036 1 14 14
cfl=/usr/lib/python3.8/sre_parse.py
cfn=addgroup:978
calls=1 978
1036 1 30 30
1038 2 8 4
1039 2 10 5
1043 2 9 4
1045 2 8 4
1046 2 8 4
1047 1 4 4
1048 2 10 5
1052 2 8 4
fn=addgroup:978
978 1 3 3
979 1 4 4
981 1 4 4
982 1 5 5
983 1 3 3
984 1 4 4
985 1 3 3
fn=getuntil:267
267 3 11 3
268 3 10 3
270 6 20 3
271 6 49 8
cfl=/usr/lib/python3.8/sre_parse.py
cfn=__next:233
calls=6 233
271 6 150 25
272 6 21 3
277 6 18 3
278 3 8 2
281 3 10 3
282 3 10 3
fl=/usr/lib/python3.8/abc.py
fn=__new__:84
84 1 5 5
85 1 31 31
86 1 17 17
87 1 4 4
fl=/usr/lib/python3.8/_strptime.py
fn=<module>:1
1 2 32 16
13 1 7 7
14 1 10 10
15 1 9 9
16 1 11 11
17 1 10 10
18 1 9 9
19 1 11 11
22 1 9 9
24 1 9 9
26 1 9 9
30 1 36 36
cfl=/usr/lib/python3.8/_strptime.py
cfn=LocaleTime:30
calls=1 30
30 1 55 55
170 1 38 38
cfl=/usr/lib/python3.8/_strptime.py
cfn=TimeRE:170
calls=1 170
170 1 43 43
265 1 10 10
268 1 36 36
cfl=/usr/lib/python3.8/_strptime.py
cfn=__init__:173
calls=1 173
268 1 13197 13197
269 1 10 10
270 1 10 10
272 1 10 10
293 1 15 15
309 1 8 8
559 1 10 10
565 1 9 9
fn=_getlang:26
26 3 10 3
28 3 29 9
cfl=/usr/lib/python3.8/locale.py
cfn=getlocale:575
calls=3 575
28 3 343 114
fn=LocaleTime:30
30 2 17 8
31 1 4 4
49 1 5 5
80 1 5 5
88 1 5 5
95 1 5 5
107 1 5 5
152 1 5 5
fn=__init__:49
49 1 3 3
69 1 10 10
cfl=/usr/lib/python3.8/_strptime.py
cfn=_getlang:26
calls=1 26
69 1 144 144
70 1 10 10
cfl=/usr/lib/python3.8/_strptime.py
cfn=__calc_weekday:80
calls=1 80
70 1 427 427
71 1 11 11
cfl=/usr/lib/python3.8/_strptime.py
cfn=__calc_month:88
calls=1 88
71 1 691 691
72 1 11 11
cfl=/usr/lib/python3.8/_strptime.py
cfn=__calc_am_pm:95
calls=1 95
72 1 50 50
73 1 10 10
cfl=/usr/lib/python3.8/_strptime.py
cfn=__calc_timezone:152
calls=1 152
73 1 64 64
74 1 15 15
cfl=/usr/lib/python3.8/_strptime.py
cfn=__calc_date_time:107
calls=1 107
74 1 900 900
75 1 10 10
cfl=/usr/lib/python3.8/_strptime.py
cfn=_getlang:26
calls=1 26
75 1 118 118
77 1 4 4
fn=__calc_weekday:80
80 1 3 3
83 1 10 10
cfl=/usr/lib/python3.8/_strptime.py
cfn=<listcomp>:83
calls=1 83
83 1 229 229
84 1 10 10
cfl=/usr/lib/python3.8/_strptime.py
cfn=<listcomp>:84
calls=1 84
84 1 163 163
85 1 4 4
86 1 4 4
fn=__calc_month:88
88 1 3 3
90 1 11 11
cfl=/usr/lib/python3.8/_strptime.py
cfn=<listcomp>:90
calls=1 90
90 1 337 337
91 1 10 10
cfl=/usr/lib/python3.8/_strptime.py
cfn=<listcomp>:91
calls=1 91
91 1 318 318
92 1 4 4
93 1 5 5
fn=__calc_am_pm:95
95 1 3 3
101 1 3 3
102 3 12 4
103 2 12 6
104 2 14 7
105 1 3 3
fn=__calc_date_time:107
107 1 4 4
115 1 5 5
116 1 5 5
117 1 8 8
118 1 8 8
119 1 5 5
120 2 10 5
121 1 4 4
122 1 5 5
123 1 4 4
124 1 4 4
125 1 4 4
127 1 4 4
128 1 11 11
cfl=/usr/lib/python3.8/_strptime.py
cfn=<listcomp>:128
calls=1 128
128 1 46 46
130 4 17 4
131 3 11 3
132 66 230 3
137 63 219 3
138 63 223 3
142 3 10 3
143 3 15 5
146 3 11 3
147 3 11 3
148 1 3 3
149 1 6 6
150 1 4 4
fn=__calc_timezone:152
152 1 3 3
156 1 3 3
157 1 28 28
160 1 5 5
161 1 4 4
162 1 6 6
163 1 4 4
164 1 4 4
167 1 4 4
fn=TimeRE:170
170 2 15 7
171 1 4 4
173 1 6 6
219 1 6 6
238 1 5 5
261 1 4 4
fn=__init__:173
173 1 9 9
179 1 4 4
182 1 14 14
cfl=/usr/lib/python3.8/_strptime.py
cfn=__init__:49
calls=1 49
182 1 2486 2486
183 1 5 5
184 2 14 7
186 1 4 4
187 1 4 4
188 1 4 4
189 1 4 4
190 1 4 4
191 1 3 3
192 1 4 4
193 1 4 4
194 1 3 3
195 1 4 4
196 1 4 4
197 1 5 5
198 1 4 4
200 1 4 4
203 1 4 4
204 1 5 5
205 1 12 12
cfl=/usr/lib/python3.8/_strptime.py
cfn=__seqToRE:219
calls=1 219
205 1 242 242
206 1 11 11
cfl=/usr/lib/python3.8/_strptime.py
cfn=__seqToRE:219
calls=1 219
206 1 207 207
207 1 11 11
cfl=/usr/lib/python3.8/_strptime.py
cfn=__seqToRE:219
calls=1 219
207 1 328 328
208 1 11 11
cfl=/usr/lib/python3.8/_strptime.py
cfn=__seqToRE:219
calls=1 219
208 1 330 330
209 1 11 11
cfl=/usr/lib/python3.8/_strptime.py
cfn=__seqToRE:219
calls=1 219
209 1 85 85
210 2 15 7
cfl=/usr/lib/python3.8/_strptime.py
cfn=__seqToRE:219
calls=1 219
210 1 214 214
212 1 4 4
213 1 3 3
214 1 4 4
215 1 15 15
cfl=/usr/lib/python3.8/_strptime.py
cfn=pattern:238
calls=1 238
215 1 8635 8635
216 1 12 12
cfl=/usr/lib/python3.8/_strptime.py
cfn=pattern:238
calls=1 238
216 1 213 213
217 1 13 13
cfl=/usr/lib/python3.8/_strptime.py
cfn=pattern:238
calls=1 238
217 1 205 205
fn=__seqToRE:219
219 6 20 3
228 6 54 9
cfl=/usr/lib/python3.8/_strptime.py
cfn=<genexpr>:210
calls=5 210
228 5 53 10
229 6 23 3
230 6 20 3
231 6 20 3
234 6 273 45
cfl=/usr/lib/python3.8/_strptime.py
cfn=<genexpr>:234
calls=50 234
234 50 897 17
235 6 23 3
236 6 21 3
fn=pattern:238
238 4 14 3
245 4 14 3
249 4 38 9
cfl=/usr/lib/python3.8/re.py
cfn=compile:250
calls=4 250
249 4 5628 1407
250 4 56 14
cfl=/usr/lib/python3.8/re.py
cfn=_subx:325
calls=4 325
250 4 546 136
251 4 35 8
cfl=/usr/lib/python3.8/re.py
cfn=compile:250
calls=4 250
251 4 1985 496
252 4 47 11
cfl=/usr/lib/python3.8/re.py
cfn=_subx:325
calls=4 325
252 4 465 116
253 20 67 3
254 16 75 4
255 32 109 3
256 16 52 3
257 16 51 3
258 16 51 3
259 4 13 3
fn=compile:261
261 1 4 4
263 1 17 17
cfl=/usr/lib/python3.8/_strptime.py
cfn=pattern:238
calls=1 238
263 1 199 199
cfl=/usr/lib/python3.8/re.py
cfn=compile:250
calls=1 250
263 1 18550 18550
fn=<listcomp>:83
83 9 108 12
cfl=/usr/lib/python3.8/calendar.py
cfn=__getitem__:77
calls=7 77
83 7 120 17
fn=<listcomp>:84
84 9 66 7
cfl=/usr/lib/python3.8/calendar.py
cfn=__getitem__:77
calls=7 77
84 7 96 13
fn=<listcomp>:90
90 15 122 8
cfl=/usr/lib/python3.8/calendar.py
cfn=__getitem__:58
calls=13 58
90 13 215 16
fn=<listcomp>:91
91 15 118 7
cfl=/usr/lib/python3.8/calendar.py
cfn=__getitem__:58
calls=13 58
91 13 200 15
fn=<listcomp>:128
128 8 26 3
129 6 20 3
fn=<genexpr>:234
234 100 496 4
cfl=/usr/lib/python3.8/re.py
cfn=escape:270
calls=44 270
234 44 401 9
fn=<genexpr>:210
210 12 35 2
211 6 18 3
fn=_strptime:309
309 1 6 6
314 3 21 7
315 2 14 7
320 1 5 5
321 1 7 7
322 3 29 9
cfl=/usr/lib/python3.8/_strptime.py
cfn=_getlang:26
calls=1 26
322 1 120 120
323 1 7 7
324 1 6 6
328 1 6 6
330 1 7 7
331 1 7 7
332 1 8 8
333 1 19 19
cfl=/usr/lib/python3.8/_strptime.py
cfn=compile:261
calls=1 261
333 1 18771 18771
346 1 8 8
347 1 11 11
348 1 9 9
351 1 8 8
355 1 7 7
356 1 7 7
357 1 6 6
358 1 6 6
359 1 6 6
360 1 6 6
363 1 7 7
364 1 6 6
367 1 6 6
368 1 8 8
369 4 25 6
375 3 16 5
384 3 22 7
385 1 7 7
386 2 10 5
388 2 10 5
389 1 6 6
390 1 5 5
392 1 5 5
394 1 5 5
395 1 6 6
488 1 5 5
497 1 5 5
507 1 6 6
508 1 6 6
511 1 6 6
517 1 7 7
529 1 6 6
534 3 20 6
535 2 11 5
544 1 5 5
545 1 6 6
547 1 6 6
549 1 6 6
555 3 36 12
556 1 5 5
557 2 10 5
fn=_strptime_datetime:565
565 1 4 4
568 1 18 18
cfl=/usr/lib/python3.8/_strptime.py
cfn=_strptime:309
calls=1 309
568 1 19424 19424
569 1 5 5
570 1 4 4
571 1 4 4
579 1 5 5
fl=/usr/lib/python3.8/email/headerregistry.py
fn=<module>:1
1 2 40 20
10 1 10 10
12 1 35 35
cfl=<frozen importlib._bootstrap>
cfn=_handle_fromlist:1017
calls=1 1017
12 1 43 43
13 1 34 34
cfl=<frozen importlib._bootstrap>
cfn=_handle_fromlist:1017
calls=1 1017
13 1 29 29
14 1 39 39
cfl=<frozen importlib._bootstrap>
cfn=_handle_fromlist:1017
calls=1 1017
14 1 63640 63640
16 1 44 44
cfl=/usr/lib/python3.8/email/headerregistry.py
cfn=Address:16
calls=1 16
16 1 79 79
112 1 39 39
cfl=/usr/lib/python3.8/email/headerregistry.py
cfn=Group:112
calls=1 112
112 1 53 53
166 1 44 44
cfl=/usr/lib/python3.8/email/headerregistry.py
cfn=BaseHeader:166
calls=1 166
166 1 68 68
266 1 13 13
270 1 38 38
cfl=/usr/lib/python3.8/email/headerregistry.py
cfn=UnstructuredHeader:270
calls=1 270
270 1 33 33
281 1 40 40
cfl=/usr/lib/python3.8/email/headerregistry.py
cfn=UniqueUnstructuredHeader:281
calls=1 281
281 1 19 19
286 1 39 39
cfl=/usr/lib/python3.8/email/headerregistry.py
cfn=DateHeader:286
calls=1 286
286 1 53 53
325 1 37 37
cfl=/usr/lib/python3.8/email/headerregistry.py
cfn=UniqueDateHeader:325
calls=1 325
325 1 19 19
330 1 41 41
cfl=/usr/lib/python3.8/email/headerregistry.py
cfn=AddressHeader:330
calls=1 330
330 1 71 71
385 1 46 46
cfl=/usr/lib/python3.8/email/headerregistry.py
cfn=UniqueAddressHeader:385
calls=1 385
385 1 19 19
390 1 37 37
cfl=/usr/lib/python3.8/email/headerregistry.py
cfn=SingleAddressHeader:390
calls=1 390
390 1 25 25
400 1 41 41
cfl=/usr/lib/python3.8/email/headerregistry.py
cfn=UniqueSingleAddressHeader:400
calls=1 400
400 1 19 19
405 1 41 41
cfl=/usr/lib/python3.8/email/headerregistry.py
cfn=MIMEVersionHeader:405
calls=1 405
405 1 95 95
442 1 41 41
cfl=/usr/lib/python3.8/email/headerregistry.py
cfn=ParameterizedMIMEHeader:442
calls=1 442
442 1 43 43
471 1 44 44
cfl=/usr/lib/python3.8/email/headerregistry.py
cfn=ContentTypeHeader:471
calls=1 471
471 1 59 59
493 1 40 40
cfl=/usr/lib/python3.8/email/headerregistry.py
cfn=ContentDispositionHeader:493
calls=1 493
493 1 34 34
507 1 40 40
cfl=/usr/lib/python3.8/email/headerregistry.py
cfn=ContentTransferEncodingHeader:507
calls=1 507
507 1 49 49
528 1 38 38
cfl=/usr/lib/python3.8/email/headerregistry.py
cfn=MessageIDHeader:528
calls=1 528
528 1 31 31
542 1 13 13
543 1 12 12
544 1 12 12
545 1 14 14
546 1 12 12
547 1 12 12
548 1 12 12
549 1 12 12
550 1 12 12
551 1 12 12
552 1 12 12
553 1 11 11
554 1 12 12
555 1 12 12
556 1 12 12
557 1 12 12
558 1 12 12
559 1 12 12
560 1 12 12
561 1 19 19
562 1 12 12
565 1 42 42
cfl=/usr/lib/python3.8/email/headerregistry.py
cfn=HeaderRegistry:565
calls=1 565
565 1 44 44
fn=Address:16
16 2 19 9
18 1 4 4
60 1 4 4
61 1 5 5
64 1 4 4
65 1 4 4
68 1 5 5
69 1 4 4
72 1 4 4
73 1 5 5
88 1 6 6
93 1 4 4
104 1 4 4
fn=Group:112
112 2 17 8
114 1 3 3
132 1 4 4
133 1 4 4
136 1 5 5
137 1 4 4
140 1 4 4
145 1 4 4
157 1 5 5
fn=BaseHeader:166
166 2 17 8
168 1 4 4
200 1 4 4
210 1 5 5
215 1 4 4
216 1 5 5
219 1 4 4
220 1 4 4
223 1 5 5
233 1 4 4
234 1 4 4
237 1 4 4
fn=__new__:200
200 5 15 3
201 5 20 4
202 5 52 10
cfl=/usr/lib/python3.8/email/headerregistry.py
cfn=parse:275
calls=1 275
202 1 594 594
cfl=/usr/lib/python3.8/email/headerregistry.py
cfn=parse:449
calls=2 449
202 2 3948 1974
cfl=/usr/lib/python3.8/email/headerregistry.py
cfn=parse:513
calls=1 513
202 1 416 416
cfl=/usr/lib/python3.8/email/headerregistry.py
cfn=parse:411
calls=1 411
202 1 393 393
203 5 42 8
cfl=/usr/lib/python3.8/email/utils.py
cfn=_has_surrogates:51
calls=5 51
203 5 61 12
205 5 19 3
206 5 18 3
207 5 81 16
cfl=/usr/lib/python3.8/email/headerregistry.py
cfn=init:210
calls=1 210
207 1 16 16
cfl=/usr/lib/python3.8/email/headerregistry.py
cfn=init:475
calls=2 475
207 2 169 84
cfl=/usr/lib/python3.8/email/headerregistry.py
cfn=init:519
calls=1 519
207 1 46 46
cfl=/usr/lib/python3.8/email/headerregistry.py
cfn=init:423
calls=1 423
207 1 66 66
208 5 16 3
fn=init:210
210 5 16 3
211 5 16 3
212 5 19 3
213 5 17 3
fn=name:215
215 3 7 2
217 3 10 3
fn=UnstructuredHeader:270
270 2 16 8
272 1 3 3
273 1 4 4
275 1 5 5
276 1 3 3
fn=parse:275
275 1 3 3
277 1 13 13
cfl=/usr/lib/python3.8/email/_header_value_parser.py
cfn=get_unstructured:1087
calls=1 1087
277 1 490 490
278 1 10 10
cfl=/usr/lib/python3.8/email/_header_value_parser.py
cfn=__str__:125
calls=1 125
278 1 76 76
fn=UniqueUnstructuredHeader:281
281 2 15 7
283 1 3 3
fn=DateHeader:286
286 2 17 8
288 1 3 3
297 1 3 3
300 1 4 4
302 1 4 4
303 1 4 4
316 1 5 5
320 1 4 4
321 1 5 5
fn=UniqueDateHeader:325
325 2 15 7
327 1 4 4
fn=AddressHeader:330
330 2 20 10
332 1 6 6
334 1 5 5
335 1 4 4
340 1 5 5
341 1 4 4
368 1 5 5
373 1 4 4
374 1 4 4
377 1 5 5
378 1 4 4
fn=UniqueAddressHeader:385
385 2 15 7
387 1 3 3
fn=SingleAddressHeader:390
390 2 16 8
392 1 3 3
393 1 5 5
fn=UniqueSingleAddressHeader:400
400 2 15 7
402 1 3 3
fn=MIMEVersionHeader:405
405 2 17 8
407 1 3 3
409 1 5 5
411 1 4 4
412 1 4 4
423 1 5 5
429 1 4 4
430 1 4 4
433 1 29 29
434 1 5 5
437 1 5 5
438 1 4 4
fn=parse:411
411 1 3 3
413 1 12 12
cfl=/usr/lib/python3.8/email/_header_value_parser.py
cfn=parse_mime_version:2149
calls=1 2149
413 1 210 210
414 1 10 10
cfl=/usr/lib/python3.8/email/_header_value_parser.py
cfn=__str__:125
calls=1 125
414 1 50 50
415 1 10 10
cfl=/usr/lib/python3.8/email/_header_value_parser.py
cfn=all_defects:136
calls=1 136
415 1 79 79
416 1 4 4
417 1 4 4
418 1 3 3
419 1 4 4
fn=init:423
423 1 3 3
424 1 4 4
425 1 4 4
426 1 22 22
427 1 16 16
cfl=/usr/lib/python3.8/email/headerregistry.py
cfn=init:210
calls=1 210
427 1 14 14
fn=ParameterizedMIMEHeader:442
442 2 17 8
447 1 3 3
449 1 4 4
450 1 4 4
462 1 3 3
466 1 4 4
467 1 5 5
fn=parse:449
449 2 6 3
451 2 22 11
cfl=/usr/lib/python3.8/email/_header_value_parser.py
cfn=parse_content_type_header:2621
calls=2 2621
451 2 1964 982
452 2 21 10
cfl=/usr/lib/python3.8/email/_header_value_parser.py
cfn=__str__:125
calls=2 125
452 2 733 366
453 2 19 9
cfl=/usr/lib/python3.8/email/_header_value_parser.py
cfn=all_defects:136
calls=2 136
453 2 630 315
454 2 28 14
cfl=/usr/lib/python3.8/email/_header_value_parser.py
cfn=params:813
calls=2 813
454 2 47 23
cfl=/usr/lib/python3.8/email/_header_value_parser.py
cfn=params:726
calls=1 726
454 1 5 5
458 4 26 6
cfl=/usr/lib/python3.8/email/headerregistry.py
cfn=<dictcomp>:458
calls=2 458
458 2 384 192
460 2 18 9
cfl=/usr/lib/python3.8/email/_header_value_parser.py
cfn=params:813
calls=2 813
460 2 39 19
fn=init:462
462 2 5 2
463 2 7 3
464 2 20 10
cfl=/usr/lib/python3.8/email/headerregistry.py
cfn=init:210
calls=2 210
464 2 25 12
fn=ContentTypeHeader:471
471 2 16 8
473 1 13 13
475 1 5 5
480 1 4 4
481 1 4 4
484 1 3 3
485 1 4 4
488 1 3 3
489 1 4 4
fn=init:475
475 2 6 3
476 2 20 10
cfl=/usr/lib/python3.8/email/headerregistry.py
cfn=init:462
calls=2 462
476 2 60 30
477 2 20 10
cfl=/usr/lib/python3.8/email/utils.py
cfn=_sanitize:64
calls=2 64
477 2 24 12
478 2 18 9
cfl=/usr/lib/python3.8/email/utils.py
cfn=_sanitize:64
calls=2 64
478 2 19 9
fn=ContentDispositionHeader:493
493 2 16 8
495 1 3 3
497 1 5 5
502 1 3 3
503 1 4 4
fn=ContentTransferEncodingHeader:507
507 2 18 9
509 1 3 3
511 1 4 4
513 1 4 4
514 1 4 4
519 1 5 5
523 1 4 4
524 1 4 4
fn=parse:513
513 1 3 3
515 1 10 10
cfl=/usr/lib/python3.8/email/_header_value_parser.py
cfn=parse_content_transfer_encoding_header:2708
calls=1 2708
515 1 248 248
516 1 10 10
cfl=/usr/lib/python3.8/email/_header_value_parser.py
cfn=__str__:125
calls=1 125
516 1 60 60
517 1 11 11
cfl=/usr/lib/python3.8/email/_header_value_parser.py
cfn=all_defects:136
calls=1 136
517 1 71 71
fn=init:519
519 1 3 3
520 1 10 10
cfl=/usr/lib/python3.8/email/headerregistry.py
cfn=init:210
calls=1 210
520 1 13 13
521 1 10 10
cfl=/usr/lib/python3.8/email/utils.py
cfn=_sanitize:64
calls=1 64
521 1 10 10
fn=MessageIDHeader:528
528 2 15 7
530 1 3 3
531 1 3 3
533 1 3 3
534 1 4 4
fn=HeaderRegistry:565
565 2 17 8
567 1 3 3
569 2 8 4
570 1 3 3
587 1 3 3
593 1 4 4
597 1 4 4
fn=__init__:569
569 2 7 3
581 2 8 4
582 2 7 3
583 2 7 3
584 2 9 4
585 2 10 5
fn=__getitem__:593
593 9 25 2
594 9 36 4
595 9 144 16
fn=__call__:597
597 5 14 2
607 5 76 15
cfl=/usr/lib/python3.8/email/headerregistry.py
cfn=__getitem__:593
calls=5 593
607 5 100 20
cfl=/usr/lib/python3.8/email/headerregistry.py
cfn=__new__:200
calls=5 200
607 5 5977 1195
fn=<dictcomp>:458
458 6 39 6
cfl=/usr/lib/python3.8/email/_header_value_parser.py
cfn=params:726
calls=2 726
458 2 313 156
cfl=/usr/lib/python3.8/email/utils.py
cfn=_sanitize:64
calls=1 64
458 1 10 10
459 1 8 8
cfl=/usr/lib/python3.8/email/utils.py
cfn=_sanitize:64
calls=1 64
459 1 9 9
460 1 3 3
fl=/usr/lib/python3.8/email/generator.py
fn=<module>:5
5 2 28 14
7 1 6 6
9 1 8 8
10 1 8 8
11 1 8 8
12 1 8 8
14 1 10 10
15 1 8 8
16 1 9 9
18 1 8 8
19 1 7 7
21 1 22 22
cfl=/usr/lib/python3.8/re.py
cfn=compile:250
calls=1 250
21 1 79 79
22 1 22 22
cfl=/usr/lib/python3.8/re.py
cfn=compile:250
calls=1 250
22 1 2525 2525
26 1 41 41
cfl=/usr/lib/python3.8/email/generator.py
cfn=Generator:26
calls=1 26
26 1 165 165
392 1 33 33
cfl=/usr/lib/python3.8/email/generator.py
cfn=BytesGenerator:392
calls=1 392
392 1 55 55
443 1 7 7
445 1 29 29
cfl=/usr/lib/python3.8/email/generator.py
cfn=DecodedGenerator:445
calls=1 445
445 1 31 31
504 1 10 10
505 1 10 10
508 1 9 9
fn=Generator:26
26 2 17 8
27 1 5 5
36 2 16 8
37 1 5 5
68 1 4 4
72 1 6 6
121 1 5 5
141 1 7 7
145 1 6 6
149 1 6 6
165 1 6 6
200 1 6 6
220 1 6 6
230 1 6 6
252 1 5 5
254 1 5 5
312 1 5 5
323 1 6 6
344 1 6 6
369 1 6 6
370 1 6 6
387 1 6 6
388 1 7 7
fn=BytesGenerator:392
392 2 14 7
393 1 3 3
405 1 4 4
408 1 4 4
411 1 4 4
414 1 5 5
422 1 4 4
435 1 5 5
437 1 4 4
438 1 5 5
fn=DecodedGenerator:445
445 2 12 6
446 1 3 3
451 2 8 4
452 1 3 3
481 1 3 3
fl=/usr/lib/python3.8/enum.py
fn=value:664
664 4 12 3
667 4 17 4
fn=__and__:833
833 14 41 2
834 14 59 4
836 14 212 15
cfl=/usr/lib/python3.8/enum.py
cfn=__call__:283
calls=28 283
836 28 842 30
fn=__call__:283
283 32 93 2
308 32 110 3
309 32 320 10
cfl=/usr/lib/python3.8/enum.py
cfn=__new__:562
calls=32 562
309 32 454 14
fn=__new__:562
562 32 102 3
566 32 125 3
568 1 3 3
571 31 106 3
572 31 116 3
fn=__or__:827
827 1 33 33
828 1 5 5
830 1 20 20
cfl=/usr/lib/python3.8/enum.py
cfn=__call__:283
calls=2 283
830 2 61 30
831 1 3 3
fl=<frozen importlib._bootstrap_external>
fn=find_spec:1334
1334 10 32 3
1340 10 40 4
1341 4 14 3
1342 10 99 9
cfl=<frozen importlib._bootstrap_external>
cfn=_get_spec:1302
calls=10 1302
1342 10 10742 1074
1343 10 35 3
1345 10 35 3
1356 10 34 3
fn=_get_spec:1302
1302 10 37 3
1307 10 53 5
1308 22 81 3
1309 22 82 3
1311 22 209 9
cfl=<frozen importlib._bootstrap_external>
cfn=_path_importer_cache:1265
calls=22 1265
1311 22 739 33
1312 22 77 3
1313 18 68 3
1314 18 181 10
cfl=<frozen importlib._bootstrap_external>
cfn=find_spec:1431
calls=18 1431
1314 18 9049 502
1317 18 64 3
1318 8 26 3
1319 10 35 3
1320 10 35 3
fn=_path_importer_cache:1265
1265 22 62 2
1273 22 74 3
1280 22 68 3
1281 22 77 3
1282 1 4 4
1283 1 10 10
cfl=<frozen importlib._bootstrap_external>
cfn=_path_hooks:1252
calls=1 1252
1283 1 366 366
1284 1 4 4
1285 22 70 3
fn=_path_hooks:1252
1252 1 3 3
1255 1 4 4
1257 2 8 4
1258 2 6 3
1259 2 24 12
cfl=<frozen zipimport>
cfn=__init__:63
calls=1 63
1259 1 76 76
cfl=<frozen importlib._bootstrap_external>
cfn=path_hook_for_FileFinder:1520
calls=1 1520
1259 1 232 232
1260 1 4 4
1261 1 5 5
fn=_path_stat:80
80 40 109 2
87 40 332 8
fn=path_hook_for_FileFinder:1520
1520 1 3 3
1522 1 10 10
cfl=<frozen importlib._bootstrap_external>
cfn=_path_isdir:104
calls=1 104
1522 1 50 50
1524 1 12 12
cfl=<frozen importlib._bootstrap_external>
cfn=__init__:1394
calls=1 1394
1524 1 155 155
fn=_path_isdir:104
104 1 3 3
106 1 3 3
108 1 10 10
cfl=<frozen importlib._bootstrap_external>
cfn=_path_is_mode_type:90
calls=1 90
108 1 31 31
fn=_path_is_mode_type:90
90 11 31 2
92 11 36 3
93 11 99 9
cfl=<frozen importlib._bootstrap_external>
cfn=_path_stat:80
calls=11 80
93 11 100 9
96 11 40 3
fn=__init__:1394
1394 1 4 4
1398 1 4 4
1399 4 16 4
1400 3 56 18
cfl=<frozen importlib._bootstrap_external>
cfn=<genexpr>:1400
calls=8 1400
1400 8 50 6
1401 1 3 3
1403 1 5 5
1404 1 5 5
1405 1 4 4
1406 1 4 4
fn=<genexpr>:1400
1400 16 50 3
fn=find_spec:1431
1431 18 68 3
1436 18 74 4
1437 18 74 4
1438 18 69 3
1439 18 189 10
cfl=<frozen importlib._bootstrap_external>
cfn=_path_stat:80
calls=18 80
1439 18 220 12
1442 18 80 4
1443 1 13 13
cfl=<frozen importlib._bootstrap_external>
cfn=_fill_cache:1479
calls=1 1479
1443 1 79 79
1444 1 5 5
1446 18 165 9
cfl=<frozen importlib._bootstrap_external>
cfn=_relax_case:40
calls=18 40
1446 18 110 6
1450 18 69 3
1451 18 68 3
1453 18 68 3
1465 88 329 3
1466 80 724 9
cfl=<frozen importlib._bootstrap_external>
cfn=_path_join:62
calls=80 62
1466 80 3280 41
1467 80 718 8
cfl=<frozen importlib._bootstrap>
cfn=_verbose_message:222
calls=80 222
1467 80 494 6
1468 80 305 3
1469 10 89 8
cfl=<frozen importlib._bootstrap_external>
cfn=_path_isfile:99
calls=10 99
1469 10 420 42
1470 20 138 6
cfl=<frozen importlib._bootstrap_external>
cfn=_get_spec:1426
calls=10 1426
1470 10 1100 110
1471 10 37 3
1472 8 27 3
1477 8 28 3
fn=_fill_cache:1479
1479 1 4 4
1481 1 4 4
1482 1 4 4
1483 1 47 47
1490 1 6 6
1491 1 7 7
1507 1 5 5
fn=_relax_case:40
40 18 49 2
42 18 60 3
fn=_path_join:62
62 100 270 2
64 200 1134 5
cfl=<frozen importlib._bootstrap_external>
cfn=<listcomp>:64
calls=100 64
64 100 2574 25
65 100 301 3
fn=<listcomp>:64
64 640 1922 3
65 220 652 2
fn=_path_isfile:99
99 10 28 2
101 10 116 11
cfl=<frozen importlib._bootstrap_external>
cfn=_path_is_mode_type:90
calls=10 90
101 10 275 27
fn=_get_spec:1426
1426 10 30 3
1427 10 94 9
cfl=<frozen importlib._bootstrap_external>
cfn=__init__:939
calls=10 939
1427 10 97 9
1428 20 126 6
cfl=<frozen importlib._bootstrap_external>
cfn=spec_from_file_location:629
calls=10 629
1428 10 717 71
1429 10 33 3
fn=__init__:939
939 10 28 2
942 10 36 3
943 10 33 3
fn=spec_from_file_location:629
629 10 39 3
641 10 39 3
653 10 42 4
661 10 107 10
cfl=<frozen importlib._bootstrap>
cfn=__init__:342
calls=10 342
661 10 268 26
662 10 39 3
665 10 35 3
675 10 38 3
686 10 35 3
687 10 36 3
692 10 36 3
fn=create_module:774
774 10 27 2
775 10 31 3
fn=_get_cached:424
424 10 26 2
425 10 41 4
426 10 32 3
427 10 100 10
cfl=<frozen importlib._bootstrap_external>
cfn=cache_from_source:294
calls=10 294
427 10 1433 143
fn=cache_from_source:294
294 20 77 3
312 20 82 4
319 20 80 4
320 20 189 9
cfl=<frozen importlib._bootstrap_external>
cfn=_path_split:68
calls=20 68
320 20 280 14
321 20 86 4
322 20 81 4
323 20 74 3
325 20 102 5
326 20 71 3
327 20 74 3
328 20 68 3
331 20 71 3
332 20 69 3
336 20 77 3
337 20 76 3
362 20 190 9
cfl=<frozen importlib._bootstrap_external>
cfn=_path_join:62
calls=20 62
362 20 1001 50
fn=_path_split:68
68 20 64 3
70 20 72 3
71 20 74 3
72 20 68 3
fn=exec_module:777
777 10 27 2
779 10 112 11
cfl=<frozen importlib._bootstrap_external>
cfn=get_code:849
calls=10 849
779 10 6637 663
780 10 32 3
783 10 115 11
cfl=<frozen importlib._bootstrap>
cfn=_call_with_frames_removed:211
calls=10 211
783 10 126929 12692
fn=get_code:849
849 10 42 4
856 10 107 10
cfl=<frozen importlib._bootstrap_external>
cfn=_check_name_wrapper:456
calls=10 456
856 10 255 25
857 10 44 4
858 10 44 4
859 10 41 4
860 10 40 4
861 10 39 3
862 10 39 3
863 10 106 10
cfl=<frozen importlib._bootstrap_external>
cfn=cache_from_source:294
calls=10 294
863 10 1323 132
867 10 41 4
868 10 103 10
cfl=<frozen importlib._bootstrap_external>
cfn=path_stats:1010
calls=10 1010
868 10 255 25
872 10 45 4
873 10 39 3
874 10 114 11
cfl=<frozen importlib._bootstrap_external>
cfn=get_data:969
calls=10 969
874 10 532 53
878 10 37 3
879 10 41 4
880 10 38 3
882 10 40 4
883 10 104 10
cfl=<frozen importlib._bootstrap_external>
cfn=_classify_pyc:493
calls=10 493
883 10 423 42
884 10 55 5
885 10 39 3
886 10 35 3
899 20 133 6
cfl=<frozen importlib._bootstrap_external>
cfn=_validate_timestamp_pyc:526
calls=10 526
899 10 453 45
900 10 35 3
901 10 36 3
902 10 36 3
903 10 34 3
904 10 35 3
909 20 132 6
cfl=<frozen importlib._bootstrap>
cfn=_verbose_message:222
calls=10 222
909 10 68 6
910 10 36 3
911 20 137 6
cfl=<frozen importlib._bootstrap_external>
cfn=_compile_bytecode:578
calls=10 578
911 10 1390 139
912 10 37 3
913 10 35 3
fn=_check_name_wrapper:456
456 10 31 3
457 10 35 3
459 10 34 3
462 10 93 9
cfl=<frozen importlib._bootstrap_external>
cfn=get_filename:964
calls=10 964
462 10 60 6
fn=get_filename:964
964 10 26 2
967 10 33 3
fn=path_stats:1010
1010 10 30 3
1012 10 82 8
cfl=<frozen importlib._bootstrap_external>
cfn=_path_stat:80
calls=10 80
1012 10 102 10
1013 10 39 3
fn=get_data:969
969 10 30 3
971 10 37 3
972 10 254 25
973 10 210 21
fn=_classify_pyc:493
493 10 35 3
509 10 41 4
510 10 37 3
514 10 38 3
518 10 93 9
cfl=<frozen importlib._bootstrap_external>
cfn=_unpack_uint32:51
calls=10 51
518 10 101 10
520 10 40 4
523 10 35 3
fn=_unpack_uint32:51
51 30 77 2
53 30 99 3
54 30 103 3
fn=_validate_timestamp_pyc:526
526 10 32 3
545 10 87 8
cfl=<frozen importlib._bootstrap_external>
cfn=_unpack_uint32:51
calls=10 51
545 10 92 9
549 20 69 3
550 10 84 8
cfl=<frozen importlib._bootstrap_external>
cfn=_unpack_uint32:51
calls=10 51
550 10 87 8
fn=_compile_bytecode:578
578 10 30 3
580 10 1035 103
581 10 52 5
582 10 96 9
cfl=<frozen importlib._bootstrap>
cfn=_verbose_message:222
calls=10 222
582 10 68 6
583 10 34 3
584 10 39 3
585 10 33 3
fl=/usr/lib/python3.8/email/utils.py
fn=_has_surrogates:51
51 15 42 2
56 15 53 3
57 15 51 3
58 15 46 3
fn=_sanitize:64
64 7 20 2
69 7 25 3
70 7 26 3
fn=decode_params:257
257 1 7 7
263 1 5 5
264 1 4 4
268 1 4 4
269 1 5 5
270 1 5 5
271 1 4 4
286 1 4 4
311 1 4 4
fl=<frozen importlib._bootstrap>
fn=_find_and_load:986
986 10 61 6
988 10 160 16
cfl=<frozen importlib._bootstrap>
cfn=__init__:143
calls=10 143
988 10 102 10
cfl=<frozen importlib._bootstrap>
cfn=__enter__:147
calls=10 147
988 10 1362 136
989 10 39 3
990 10 34 3
991 10 229 22
cfl=<frozen importlib._bootstrap>
cfn=_find_and_load_unlocked:956
calls=10 956
991 10 138114 13811
cfl=<frozen importlib._bootstrap>
cfn=__exit__:151
calls=10 151
991 10 446 44
cfl=<frozen importlib._bootstrap>
cfn=cb:176
calls=10 176
991 10 203 20
fn=__init__:143
143 10 30 3
144 10 37 3
145 10 34 3
fn=__enter__:147
147 10 29 2
148 10 90 9
cfl=<frozen importlib._bootstrap>
cfn=_get_module_lock:157
calls=10 157
148 10 792 79
149 10 83 8
cfl=<frozen importlib._bootstrap>
cfn=acquire:78
calls=10 78
149 10 366 36
fn=_get_module_lock:157
157 10 33 3
163 10 40 4
164 10 34 3
165 10 33 3
166 10 43 4
167 10 36 3
168 10 36 3
170 10 33 3
171 10 33 3
174 10 88 8
cfl=<frozen importlib._bootstrap>
cfn=__init__:58
calls=10 58
174 10 236 23
176 10 36 3
187 10 40 4
189 10 35 3
191 10 32 3
fn=__init__:58
58 10 29 2
59 10 40 4
60 10 39 3
61 10 32 3
62 10 30 3
63 10 31 3
64 10 31 3
fn=cb:176
176 10 27 2
177 10 38 3
178 10 31 3
182 10 35 3
183 10 33 3
185 10 35 3
fn=acquire:78
78 10 32 3
84 10 35 3
85 10 34 3
86 10 30 3
88 10 36 3
89 10 33 3
90 10 30 3
91 10 33 3
92 20 66 3
101 10 31 3
fn=_find_and_load_unlocked:956
956 10 34 3
957 10 36 3
958 10 41 4
959 10 35 3
960 6 22 3
963 6 22 3
965 6 22 3
966 6 22 3
967 6 22 3
971 10 102 10
cfl=<frozen importlib._bootstrap>
cfn=_find_spec:890
calls=10 890
971 10 13109 1310
972 10 37 3
975 10 101 10
cfl=<frozen importlib._bootstrap>
cfn=_load_unlocked:650
calls=10 650
975 10 131751 13175
976 10 38 3
978 6 24 4
979 6 30 5
980 10 36 3
fn=_find_spec:890
890 10 37 3
892 10 38 3
893 10 36 3
898 10 36 3
904 10 35 3
905 30 110 3
906 30 262 8
cfl=<frozen importlib._bootstrap>
cfn=__enter__:863
calls=30 863
906 30 174 5
907 30 102 3
908 30 112 3
914 30 432 14
cfl=<frozen importlib._bootstrap>
cfn=find_spec:725
calls=10 725
914 10 116 11
cfl=<frozen importlib._bootstrap>
cfn=__exit__:867
calls=30 867
914 30 293 9
cfl=<frozen importlib._bootstrap>
cfn=find_spec:800
calls=10 800
914 10 101 10
cfl=<frozen importlib._bootstrap_external>
cfn=find_spec:1334
calls=10 1334
914 10 11034 1103
915 30 109 3
917 10 36 3
932 10 36 3
fn=__enter__:863
863 30 77 2
865 30 96 3
fn=find_spec:725
725 10 30 3
727 10 33 3
728 6 20 3
729 4 20 5
732 4 12 3
fn=__exit__:867
867 30 84 2
869 30 209 6
fn=find_spec:800
800 10 28 2
802 10 39 3
805 10 33 3
fn=_verbose_message:222
222 110 317 2
224 110 385 3
fn=__init__:342
342 10 30 3
344 10 36 3
345 10 37 3
346 10 32 3
347 10 32 3
348 10 34 3
351 10 31 3
352 10 32 3
fn=_load_unlocked:650
650 10 33 3
652 10 33 3
654 10 38 3
657 10 88 8
cfl=<frozen importlib._bootstrap>
cfn=module_from_spec:549
calls=10 549
657 10 3724 372
662 10 34 3
663 10 32 3
664 10 35 3
665 10 31 3
666 10 32 3
671 10 106 10
cfl=<frozen importlib._bootstrap_external>
cfn=exec_module:777
calls=10 777
671 10 129839 12983
682 10 48 4
683 10 38 3
684 10 96 9
cfl=<frozen importlib._bootstrap>
cfn=_verbose_message:222
calls=10 222
684 10 72 7
686 10 37 3
688 10 34 3
fn=module_from_spec:549
549 10 29 2
552 10 32 3
553 10 36 3
556 10 86 8
cfl=<frozen importlib._bootstrap_external>
cfn=create_module:774
calls=10 774
556 10 59 5
560 10 32 3
561 10 84 8
cfl=<frozen importlib._bootstrap>
cfn=_new_module:35
calls=10 35
561 10 68 6
562 10 91 9
cfl=<frozen importlib._bootstrap>
cfn=_init_module_attrs:477
calls=10 477
562 10 3167 316
563 10 33 3
fn=_new_module:35
35 10 27 2
36 10 41 4
fn=_init_module_attrs:477
477 10 34 3
481 10 38 3
487 10 37 3
488 10 34 3
489 10 33 3
510 10 35 3
511 10 34 3
515 10 33 3
516 10 33 3
517 10 88 8
cfl=<frozen importlib._bootstrap>
cfn=parent:389
calls=10 389
517 10 95 9
521 10 35 3
522 10 35 3
526 10 48 4
527 10 34 3
533 10 87 8
cfl=<frozen importlib._bootstrap>
cfn=has_location:397
calls=10 397
533 10 56 5
534 10 43 4
535 10 33 3
536 10 35 3
540 10 40 4
541 10 91 9
cfl=<frozen importlib._bootstrap>
cfn=cached:376
calls=10 376
541 10 1884 188
542 10 36 3
543 10 83 8
cfl=<frozen importlib._bootstrap>
cfn=cached:376
calls=10 376
543 10 88 8
546 10 33 3
fn=parent:389
389 10 28 2
392 10 31 3
393 10 35 3
fn=has_location:397
397 10 26 2
399 10 30 3
fn=cached:376
376 20 53 2
378 20 62 3
379 10 33 3
380 10 32 3
382 10 90 9
cfl=<frozen importlib._bootstrap_external>
cfn=_get_cached:424
calls=10 424
382 10 1633 163
383 20 66 3
fn=_call_with_frames_removed:211
211 11 32 2
219 11 344 31
cfl=/usr/lib/python3.8/email/generator.py
cfn=<module>:5
calls=1 5
219 1 3158 3158
cfl=/usr/lib/python3.8/hmac.py
cfn=<module>:1
calls=1 1
219 1 6923 6923
cfl=/usr/lib/python3.8/smtplib.py
cfn=<module>:3
calls=1 3
219 1 21759 21759
cfl=/usr/lib/python3.8/email/_header_value_parser.py
cfn=<module>:1
calls=1 1
219 1 61097 61097
cfl=<frozen importlib._bootstrap>
cfn=_find_and_load:986
calls=1 986
219 1 63572 63572
cfl=/usr/lib/python3.8/email/headerregistry.py
cfn=<module>:1
calls=1 1
219 1 65718 65718
cfl=/usr/lib/python3.8/email/contentmanager.py
cfn=<module>:1
calls=1 1
219 1 693 693
cfl=/usr/lib/python3.8/email/policy.py
cfn=<module>:1
calls=1 1
219 1 74550 74550
cfl=/usr/lib/python3.8/_strptime.py
cfn=<module>:1
calls=1 1
219 1 13625 13625
cfl=/usr/lib/python3.8/stringprep.py
cfn=<module>:2
calls=1 2
219 1 1879 1879
cfl=/usr/lib/python3.8/encodings/idna.py
cfn=<module>:3
calls=1 3
219 1 16849 16849
fn=__exit__:151
151 10 29 2
152 10 94 9
cfl=<frozen importlib._bootstrap>
cfn=release:103
calls=10 103
152 10 321 32
fn=release:103
103 10 33 3
104 10 40 4
105 10 41 4
106 10 37 3
108 10 34 3
109 10 32 3
110 10 32 3
111 10 33 3
112 10 35 3
fn=_handle_fromlist:1017
1017 7 105 15
1027 14 56 4
1028 7 26 3
1035 7 26 3
1039 7 27 3
1040 1 5 5
1041 1 4 4
1042 1 10 10
cfl=<frozen importlib._bootstrap>
cfn=_call_with_frames_removed:211
calls=1 211
1042 1 63587 63587
1051 7 24 3
fl=/usr/lib/python3.8/calendar.py
fn=__getitem__:77
77 14 39 2
78 14 48 3
79 14 45 3
82 14 83 5
fn=__getitem__:58
58 26 68 2
59 26 101 3
60 26 88 3
63 26 144 5
cfl=/usr/lib/python3.8/calendar.py
cfn=<lambda>:53
calls=2 53
63 2 12 6
fn=<lambda>:53
53 4 12 3
fl=/usr/lib/python3.8/hmac.py
fn=<module>:1
1 2 26 13
6 1 5 5
7 1 8 8
8 1 5 5
9 1 6 6
14 1 6 6
15 1 5 5
17 1 1669 1669
cfl=/usr/lib/python3.8/hmac.py
cfn=<genexpr>:17
calls=257 17
17 257 1703 6
18 1 1668 1668
cfl=/usr/lib/python3.8/hmac.py
cfn=<genexpr>:18
calls=257 18
18 257 1696 6
22 1 6 6
26 1 36 36
cfl=/usr/lib/python3.8/hmac.py
cfn=HMAC:26
calls=1 26
26 1 66 66
136 1 5 5
156 1 6 6
fn=<genexpr>:17
17 514 1703 3
fn=<genexpr>:18
18 514 1696 3
fn=HMAC:26
26 2 17 8
27 1 3 3
31 1 5 5
33 1 4 4
90 1 4 4
91 1 6 6
94 1 4 4
98 1 5 5
111 1 4 4
120 1 5 5
130 1 4 4
fl=/usr/lib/python3.8/codecs.py
fn=__new__:94
94 1 3 3
97 1 10 10
98 1 5 5
99 1 5 5
100 1 3 3
101 1 4 4
102 1 4 4
103 1 3 3
104 1 3 3
105 1 3 3
107 1 4 4
fl=/usr/lib/python3.8/locale.py
fn=getlocale:575
575 3 10 3
588 3 24 8
589 3 10 3
591 3 29 9
cfl=/usr/lib/python3.8/locale.py
cfn=_parse_localename:467
calls=3 467
591 3 269 89
fn=_parse_localename:467
467 3 11 3
481 3 34 11
cfl=/usr/lib/python3.8/locale.py
cfn=normalize:384
calls=3 384
481 3 179 59
482 3 12 4
491 3 11 3
493 3 10 3
494 3 9 3
fn=normalize:384
384 3 13 4
401 3 12 4
402 3 16 5
405 3 11 3
408 3 12 4
409 3 11 3
412 3 11 3
413 3 10 3
416 3 10 3
417 3 10 3
421 3 11 3
422 3 10 3
424 3 13 4
425 3 11 3
426 3 10 3
fl=/usr/lib/python3.8/encodings/__init__.py
fn=search_function:70
70 1 5 5
73 1 6 6
74 1 4 4
84 1 11 11
cfl=/usr/lib/python3.8/encodings/__init__.py
cfn=normalize_encoding:43
calls=1 43
84 1 90 90
85 2 9 4
86 1 5 5
87 1 3 3
91 1 6 6
92 1 4 4
93 1 4 4
95 1 4 4
98 2 24 12
cfl=<frozen importlib._bootstrap>
cfn=_find_and_load:986
calls=1 986
98 1 19174 19174
99 1 4 4
105 1 4 4
109 1 5 5
110 1 4 4
115 1 5 5
121 1 9 9
cfl=/usr/lib/python3.8/encodings/idna.py
cfn=getregentry:300
calls=1 300
121 1 99 99
122 1 5 5
138 1 5 5
142 1 4 4
143 1 6 6
144 1 4 4
145 1 5 5
152 1 5 5
fn=normalize_encoding:43
43 1 4 4
55 1 4 4
58 1 3 3
59 1 4 4
60 5 17 3
61 4 14 3
62 4 14 3
64 4 12 3
65 4 12 3
68 1 3 3
fl=./send_reminders.py
fn=<module>:5
5 2 32 16
6 1 5 5
7 1 17 17
cfl=<frozen importlib._bootstrap>
cfn=_find_and_load:986
calls=1 986
7 1 26229 26229
8 1 6 6
10 1 4 4
17 1 4 4
21 1 5 5
36 1 4 4
46 1 4 4
59 1 4 4
60 1 30 30
cfl=./send_reminders.py
cfn=main:46
calls=1 46
60 1 141901 141901
fn=dow:17
17 1 3 3
18 1 28 28
cfl=<frozen importlib._bootstrap>
cfn=_find_and_load:986
calls=1 986
18 1 16955 16955
cfl=/usr/lib/python3.8/_strptime.py
cfn=_strptime_datetime:565
calls=1 565
18 1 19466 19466
19 1 16 16
fn=message_template:21
21 1 3 3
22 1 15 15
cfl=/usr/lib/python3.8/email/message.py
cfn=__init__:947
calls=1 947
22 1 76929 76929
23 1 12 12
cfl=./send_reminders.py
cfn=dow:17
calls=1 17
23 1 36470 36470
24 1 14 14
cfl=/usr/lib/python3.8/email/message.py
cfn=__setitem__:393
calls=1 393
24 1 874 874
25 4 22 5
cfl=/usr/lib/python3.8/email/message.py
cfn=set_content:1170
calls=1 1170
25 1 7071 7071
29 1 3 3
30 2 6 3
34 1 3 3
fn=send_message:36
36 1 4 4
37 1 15 15
cfl=/usr/lib/python3.8/smtplib.py
cfn=__init__:228
calls=1 228
37 1 20369 20369
fn=main:46
46 1 4 4
47 1 5 5
50 1 4 4
51 1 5 5
52 1 13 13
cfl=./send_reminders.py
cfn=message_template:21
calls=1 21
52 1 121427 121427
53 1 12 12
cfl=./send_reminders.py
cfn=send_message:36
calls=1 36
53 1 20389 20389
56 1 4 4
57 1 34 34
fl=/usr/lib/python3.8/stringprep.py
fn=<module>:2
2 2 33 16
8 1 8 8
10 1 19 19
12 1 9 9
19 1 14 14
20 1 9 9
24 1 21 21
25 1 8 8
26 1 9 9
27 1 8 8
28 1 9 9
29 1 10 10
30 1 8 8
31 1 9 9
32 1 9 9
33 1 8 8
34 1 9 9
35 1 8 8
36 1 9 9
37 1 9 9
38 1 8 8
39 1 9 9
40 1 8 8
41 1 9 9
42 1 8 8
43 1 9 9
44 1 8 8
45 1 9 9
46 1 8 8
47 1 8 8
48 1 9 9
49 1 8 8
50 1 8 8
51 1 8 8
52 1 10 10
53 1 9 9
54 1 8 8
55 1 8 8
56 1 9 9
57 1 8 8
58 1 9 9
59 1 11 11
60 1 8 8
61 1 9 9
62 1 9 9
63 1 8 8
64 1 9 9
65 1 9 9
66 1 8 8
67 1 9 9
68 1 8 8
69 1 8 8
70 1 9 9
71 1 9 9
72 1 9 9
73 1 8 8
74 1 9 9
75 1 10 10
76 1 9 9
77 1 8 8
78 1 9 9
79 1 8 8
80 1 10 10
81 1 9 9
82 1 8 8
83 1 8 8
84 1 9 9
85 1 8 8
86 1 9 9
87 1 10 10
88 1 8 8
89 1 9 9
90 1 8 8
91 1 8 8
92 1 8 8
93 1 9 9
94 1 9 9
95 1 8 8
96 1 9 9
97 1 8 8
98 1 10 10
99 1 9 9
100 1 8 8
101 1 9 9
102 1 8 8
103 1 9 9
104 1 9 9
105 1 10 10
106 1 8 8
107 1 9 9
108 1 11 11
109 1 9 9
110 1 9 9
111 1 8 8
112 1 9 9
113 1 8 8
114 1 9 9
115 1 10 10
116 1 8 8
117 1 9 9
118 1 9 9
119 1 9 9
120 1 8 8
121 1 10 10
122 1 9 9
123 1 8 8
124 1 9 9
125 1 8 8
126 1 9 9
127 1 9 9
128 1 9 9
129 1 9 9
130 1 8 8
131 1 9 9
132 1 8 8
133 1 9 9
134 1 9 9
135 1 9 9
136 1 9 9
137 1 9 9
138 1 8 8
139 1 9 9
140 1 9 9
141 1 9 9
142 1 9 9
143 1 11 11
144 1 10 10
145 1 9 9
146 1 9 9
147 1 9 9
148 1 9 9
149 1 9 9
150 1 8 8
151 1 9 9
152 1 9 9
153 1 9 9
154 1 9 9
155 1 9 9
156 1 8 8
157 1 9 9
158 1 10 10
159 1 8 8
160 1 9 9
161 1 9 9
162 1 9 9
163 1 9 9
164 1 9 9
165 1 9 9
166 1 8 8
167 1 10 10
168 1 8 8
169 1 9 9
170 1 9 9
171 1 10 10
172 1 9 9
173 1 9 9
174 1 9 9
175 1 9 9
176 1 9 9
177 1 9 9
178 1 9 9
179 1 9 9
180 1 8 8
181 1 9 9
182 1 9 9
183 1 9 9
184 1 9 9
185 1 10 10
186 1 9 9
187 1 8 8
189 1 9 9
195 1 13 13
206 1 9 9
210 1 9 9
213 1 9 9
217 1 10 10
220 1 13 13
221 1 9 9
227 1 9 9
232 1 9 9
236 1 9 9
243 1 9 9
247 1 9 9
248 1 9 9
252 1 15 15
253 1 41 41
257 1 14 14
258 1 10 10
262 1 15 15
263 1 10 10
267 1 9 9
271 1 10 10
fl=/usr/lib/python3.8/email/contentmanager.py
fn=<module>:1
1 2 26 13
2 1 6 6
3 1 8 8
4 1 7 7
5 1 20 20
cfl=<frozen importlib._bootstrap>
cfn=_handle_fromlist:1017
calls=1 1017
5 1 29 29
7 1 28 28
cfl=/usr/lib/python3.8/email/contentmanager.py
cfn=ContentManager:7
calls=1 7
7 1 39 39
61 1 19 19
cfl=/usr/lib/python3.8/email/contentmanager.py
cfn=__init__:9
calls=1 9
61 1 14 14
64 1 7 7
68 1 20 20
cfl=/usr/lib/python3.8/email/contentmanager.py
cfn=add_get_handler:13
calls=1 13
68 1 10 10
71 1 7 7
73 5 30 6
74 4 58 14
cfl=/usr/lib/python3.8/email/contentmanager.py
cfn=add_get_handler:13
calls=4 13
74 4 30 7
77 1 5 5
79 3 20 6
80 2 31 15
cfl=/usr/lib/python3.8/email/contentmanager.py
cfn=add_get_handler:13
calls=2 13
80 2 18 9
83 1 5 5
91 2 26 13
cfl=/usr/lib/python3.8/email/contentmanager.py
cfn=add_get_handler:13
calls=1 13
91 1 8 8
92 1 7 7
95 1 5 5
112 1 7 7
133 1 7 7
142 1 7 7
181 1 7 7
192 1 20 20
cfl=/usr/lib/python3.8/email/contentmanager.py
cfn=add_set_handler:27
calls=1 27
192 1 10 10
195 1 9 9
225 1 17 17
cfl=/usr/lib/python3.8/email/contentmanager.py
cfn=add_set_handler:27
calls=1 27
225 1 7 7
228 1 7 7
249 4 25 6
250 3 46 15
cfl=/usr/lib/python3.8/email/contentmanager.py
cfn=add_set_handler:27
calls=3 27
250 3 24 8
fn=ContentManager:7
7 2 12 6
9 1 3 3
13 1 5 5
16 1 5 5
27 1 3 3
30 1 4 4
39 1 4 4
fn=__init__:9
9 1 6 6
10 1 4 4
11 1 4 4
fn=add_get_handler:13
13 8 41 5
14 8 26 3
fn=add_set_handler:27
27 5 23 4
28 5 18 3
fn=set_content:30
30 1 3 3
31 1 11 11
cfl=/usr/lib/python3.8/email/message.py
cfn=get_content_maintype:588
calls=1 588
31 1 93 93
35 1 11 11
cfl=/usr/lib/python3.8/email/contentmanager.py
cfn=_find_set_handler:39
calls=1 39
35 1 22 22
36 1 10 10
cfl=/usr/lib/python3.8/email/message.py
cfn=clear_content:1162
calls=1 1162
36 1 37 37
37 1 11 11
cfl=/usr/lib/python3.8/email/contentmanager.py
cfn=set_text_content:181
calls=1 181
37 1 6116 6116
fn=_find_set_handler:39
39 1 3 3
40 1 4 4
41 1 4 4
42 1 4 4
43 1 5 5
fn=_prepare_set:95
95 1 4 4
96 1 12 12
cfl=/usr/lib/python3.8/email/message.py
cfn=__setitem__:393
calls=1 393
96 1 1237 1237
97 1 4 4
fn=_finalize_set:112
112 1 3 3
113 1 4 4
115 1 3 3
117 1 3 3
122 1 3 3
124 1 5 5
fn=_encode_text:142
142 1 5 5
143 1 6 6
144 1 6 6
145 1 4 4
146 1 5 5
147 1 5 5
149 1 50 50
cfl=/usr/lib/python3.8/email/contentmanager.py
cfn=<genexpr>:149
calls=9 149
149 9 55 6
150 1 4 4
151 1 29 29
cfl=/usr/lib/python3.8/email/contentmanager.py
cfn=normal_body:146
calls=1 146
151 1 8 8
fn=set_text_content:181
181 1 4 4
184 1 12 12
cfl=/usr/lib/python3.8/email/contentmanager.py
cfn=_prepare_set:95
calls=1 95
184 1 1259 1259
185 1 15 15
cfl=/usr/lib/python3.8/email/contentmanager.py
cfn=_encode_text:142
calls=1 142
185 1 181 181
186 1 12 12
cfl=/usr/lib/python3.8/email/message.py
cfn=set_payload:303
calls=1 303
186 1 20 20
187 2 21 10
cfl=/usr/lib/python3.8/email/message.py
cfn=set_param:701
calls=1 701
187 1 3870 3870
188 1 5 5
189 1 3 3
190 1 10 10
cfl=/usr/lib/python3.8/email/message.py
cfn=__setitem__:393
calls=1 393
190 1 659 659
191 1 14 14
cfl=/usr/lib/python3.8/email/contentmanager.py
cfn=_finalize_set:112
calls=1 112
191 1 24 24
fn=normal_body:146
146 2 8 4
fn=<genexpr>:149
149 18 55 3
fl=/usr/lib/python3.8/smtplib.py
fn=<module>:3
3 2 54 27
44 1 11 11
45 1 16 16
46 1 15 15
47 1 16 16
48 1 15 15
49 1 44 44
cfl=<frozen importlib._bootstrap>
cfn=_find_and_load:986
calls=1 986
49 1 5427 5427
50 1 16 16
51 1 54 54
cfl=<frozen importlib._bootstrap>
cfn=_find_and_load:986
calls=1 986
51 1 10165 10165
52 1 17 17
53 1 16 16
54 1 16 16
55 1 17 17
57 2 67 33
58 1 15 15
59 1 14 14
60 1 14 14
62 1 10 10
63 1 15 15
64 1 15 15
65 1 14 14
66 1 14 14
68 1 42 42
cfl=/usr/lib/python3.8/re.py
cfn=compile:250
calls=1 250
68 1 3898 3898
71 1 52 52
cfl=/usr/lib/python3.8/smtplib.py
cfn=SMTPException:71
calls=1 71
71 1 22 22
74 1 48 48
cfl=/usr/lib/python3.8/smtplib.py
cfn=SMTPNotSupportedError:74
calls=1 74
74 1 22 22
81 1 51 51
cfl=/usr/lib/python3.8/smtplib.py
cfn=SMTPServerDisconnected:81
calls=1 81
81 1 21 21
89 1 48 48
cfl=/usr/lib/python3.8/smtplib.py
cfn=SMTPResponseException:89
calls=1 89
89 1 26 26
103 1 48 48
cfl=/usr/lib/python3.8/smtplib.py
cfn=SMTPSenderRefused:103
calls=1 103
103 1 25 25
116 1 47 47
cfl=/usr/lib/python3.8/smtplib.py
cfn=SMTPRecipientsRefused:116
calls=1 116
116 1 27 27
129 1 48 48
cfl=/usr/lib/python3.8/smtplib.py
cfn=SMTPDataError:129
calls=1 129
129 1 21 21
132 1 47 47
cfl=/usr/lib/python3.8/smtplib.py
cfn=SMTPConnectError:132
calls=1 132
132 1 21 21
135 1 48 48
cfl=/usr/lib/python3.8/smtplib.py
cfn=SMTPHeloError:135
calls=1 135
135 1 23 23
138 1 47 47
cfl=/usr/lib/python3.8/smtplib.py
cfn=SMTPAuthenticationError:138
calls=1 138
138 1 22 22
145 1 15 15
158 1 15 15
166 1 14 14
175 1 15 15
178 1 15 15
181 1 15 15
182 1 16 16
186 1 14 14
189 1 64 64
cfl=/usr/lib/python3.8/smtplib.py
cfn=SMTP:189
calls=1 189
189 1 555 555
996 1 15 15
998 1 47 47
cfl=/usr/lib/python3.8/smtplib.py
cfn=SMTP_SSL:998
calls=1 998
998 1 55 55
1046 1 15 15
1051 1 15 15
1053 1 48 48
cfl=/usr/lib/python3.8/smtplib.py
cfn=LMTP:1053
calls=1 1053
1053 1 46 46
1100 1 15 15
fn=SMTPException:71
71 2 19 9
72 1 3 3
fn=SMTPNotSupportedError:74
74 2 18 9
75 1 3 3
fn=SMTPServerDisconnected:81
81 2 18 9
82 1 3 3
fn=SMTPResponseException:89
89 2 19 9
90 1 3 3
98 1 3 3
fn=SMTPSenderRefused:103
103 2 18 9
104 1 3 3
110 1 3 3
fn=SMTPRecipientsRefused:116
116 2 18 9
117 1 3 3
124 1 5 5
fn=SMTPDataError:129
129 2 18 9
130 1 3 3
fn=SMTPConnectError:132
132 2 18 9
133 1 3 3
fn=SMTPHeloError:135
135 2 20 10
136 1 3 3
fn=SMTPAuthenticationError:138
138 2 19 9
139 1 3 3
fn=SMTP:189
189 2 32 16
190 1 6 6
218 1 10 10
220 1 10 10
221 1 10 10
222 1 10 10
223 1 11 11
224 1 10 10
225 1 10 10
226 1 10 10
228 2 20 10
229 1 11 11
230 1 11 11
275 1 6 6
278 1 10 10
288 1 10 10
297 1 10 10
303 1 10 10
311 1 10 10
346 1 10 10
365 1 10 10
373 1 10 10
422 1 10 10
428 1 41 41
438 1 10 10
489 1 11 11
493 1 10 10
499 1 9 9
504 1 10 10
516 1 10 10
520 1 9 9
541 1 10 10
549 1 12 12
578 1 10 10
583 1 10 10
585 1 10 10
592 1 10 10
609 1 11 11
648 1 10 10
657 1 10 10
662 1 10 10
670 1 10 10
736 1 10 10
792 1 10 10
896 1 10 10
973 1 10 10
986 1 10 10
fn=__init__:228
228 1 5 5
246 1 4 4
247 1 4 4
248 1 4 4
249 1 4 4
250 1 4 4
252 1 4 4
253 1 13 13
cfl=/usr/lib/python3.8/smtplib.py
cfn=connect:311
calls=1 311
253 1 20323 20323
fn=_get_socket:303
303 1 2 2
306 1 3 3
308 2 19 9
cfl=/usr/lib/python3.8/socket.py
cfn=create_connection:771
calls=1 771
308 1 20238 20238
309 1 3 3
fn=connect:311
311 1 4 4
323 1 5 5
326 1 4 4
327 1 4 4
328 1 4 4
334 1 3 3
335 1 4 4
336 1 4 4
338 1 6 6
339 1 13 13
cfl=/usr/lib/python3.8/smtplib.py
cfn=_get_socket:303
calls=1 303
339 1 20268 20268
fn=SMTP_SSL:998
998 2 20 10
999 1 3 3
1012 1 4 4
1014 2 9 4
1015 1 5 5
1016 1 4 4
1017 1 5 5
1037 1 3 3
fn=LMTP:1053
1053 2 20 10
1054 1 4 4
1067 1 4 4
1069 2 8 4
1070 1 5 5
1075 1 3 3
fl=/usr/lib/python3.8/email/_parseaddr.py
fn=quote:193
193 1 4 4
200 1 7 7
fl=/usr/lib/python3.8/email/message.py
fn=__init__:947
947 1 3 3
948 1 10 10
949 1 13 13
cfl=<frozen importlib._bootstrap>
cfn=_find_and_load:986
calls=1 986
949 1 76848 76848
950 1 4 4
951 1 11 11
cfl=/usr/lib/python3.8/email/message.py
cfn=__init__:120
calls=1 120
951 1 38 38
fn=__init__:120
120 1 3 3
121 1 4 4
122 1 5 5
123 1 4 4
124 1 4 4
125 1 4 4
127 1 4 4
128 1 4 4
130 1 4 4
fn=__setitem__:393
393 4 15 3
399 4 40 10
cfl=/usr/lib/python3.8/email/policy.py
cfn=header_max_count:100
calls=4 100
399 4 158 39
400 4 15 3
401 4 15 3
402 4 15 3
403 10 35 3
404 6 21 3
409 4 40 10
cfl=/usr/lib/python3.8/email/policy.py
cfn=header_store_parse:131
calls=4 131
409 4 3073 768
fn=set_content:1170
1170 1 5 5
1171 1 13 13
cfl=/usr/lib/python3.8/email/message.py
cfn=set_content:1098
calls=1 1098
1171 1 6343 6343
1172 1 10 10
cfl=/usr/lib/python3.8/email/message.py
cfn=__contains__:423
calls=1 423
1172 1 29 29
1173 1 10 10
cfl=/usr/lib/python3.8/email/message.py
cfn=__setitem__:393
calls=1 393
1173 1 658 658
fn=set_content:1098
1098 1 3 3
1099 1 3 3
1100 1 4 4
1101 1 14 14
cfl=/usr/lib/python3.8/email/contentmanager.py
cfn=set_content:30
calls=1 30
1101 1 6317 6317
fn=get_content_maintype:588
588 1 3 3
594 1 11 11
cfl=/usr/lib/python3.8/email/message.py
cfn=get_content_type:564
calls=1 564
594 1 73 73
595 1 5 5
fn=get_content_type:564
564 1 5 5
577 1 5 5
578 1 12 12
cfl=/usr/lib/python3.8/email/message.py
cfn=get:462
calls=1 462
578 1 24 24
579 1 3 3
581 1 10 10
cfl=/usr/lib/python3.8/email/message.py
cfn=get_default_type:606
calls=1 606
581 1 11 11
fn=get:462
462 4 12 3
468 4 15 3
469 8 29 3
470 7 24 3
471 3 26 8
cfl=/usr/lib/python3.8/email/policy.py
cfn=header_fetch_parse:150
calls=3 150
471 3 63 21
472 1 3 3
fn=get_default_type:606
606 1 8 8
613 1 3 3
fn=clear_content:1162
1162 1 4 4
1163 1 10 10
cfl=/usr/lib/python3.8/email/message.py
cfn=<listcomp>:1163
calls=1 1163
1163 1 18 18
1165 1 3 3
fn=<listcomp>:1163
1163 4 15 3
1164 1 3 3
fn=set_payload:303
303 1 3 3
309 1 4 4
310 1 4 4
311 1 3 3
312 1 3 3
fn=set_param:701
701 1 5 5
719 1 4 4
722 1 11 11
cfl=/usr/lib/python3.8/email/message.py
cfn=__contains__:423
calls=1 423
722 1 35 35
725 1 11 11
cfl=/usr/lib/python3.8/email/message.py
cfn=get:462
calls=1 462
725 1 53 53
726 1 12 12
cfl=/usr/lib/python3.8/email/message.py
cfn=get_param:667
calls=1 667
726 1 343 343
727 1 4 4
730 2 10 5
731 1 13 13
cfl=/usr/lib/python3.8/email/message.py
cfn=_formatparam:39
calls=1 39
731 1 50 50
745 1 9 9
cfl=/usr/lib/python3.8/email/message.py
cfn=get:462
calls=1 462
745 1 48 48
746 1 4 4
747 1 13 13
cfl=/usr/lib/python3.8/email/message.py
cfn=replace_header:545
calls=1 545
747 1 3238 3238
fn=__contains__:423
423 3 10 3
424 3 29 9
cfl=/usr/lib/python3.8/email/message.py
cfn=<listcomp>:424
calls=3 424
424 3 50 16
fn=<listcomp>:424
424 13 50 3
fn=get_param:667
667 1 5 5
691 1 10 10
cfl=/usr/lib/python3.8/email/message.py
cfn=__contains__:423
calls=1 423
691 1 25 25
693 2 15 7
cfl=/usr/lib/python3.8/email/message.py
cfn=_get_params_preserve:624
calls=1 624
693 1 279 279
694 1 4 4
699 1 3 3
fn=_get_params_preserve:624
624 1 4 4
627 1 4 4
628 1 10 10
cfl=/usr/lib/python3.8/email/message.py
cfn=get:462
calls=1 462
628 1 47 47
629 1 5 5
631 1 4 4
632 2 15 7
cfl=/usr/lib/python3.8/email/message.py
cfn=_parseparam:73
calls=1 73
632 1 88 88
633 1 4 4
634 1 10 10
637 1 4 4
639 1 4 4
640 1 4 4
641 1 4 4
642 1 12 12
cfl=/usr/lib/python3.8/email/utils.py
cfn=decode_params:257
calls=1 257
642 1 46 46
643 1 6 6
fn=_parseparam:73
73 1 4 4
75 1 4 4
76 1 4 4
77 2 9 4
78 1 4 4
79 1 5 5
80 1 4 4
82 1 4 4
83 1 3 3
84 1 3 3
85 1 4 4
88 1 4 4
89 1 29 29
90 1 3 3
fn=_formatparam:39
39 1 4 4
48 1 4 4
52 1 4 4
58 1 3 3
59 1 4 4
66 1 3 3
67 1 13 13
cfl=/usr/lib/python3.8/email/_parseaddr.py
cfn=quote:193
calls=1 193
67 1 11 11
fn=replace_header:545
545 1 4 4
552 1 4 4
553 2 9 4
554 2 8 4
555 1 10 10
cfl=/usr/lib/python3.8/email/policy.py
cfn=header_store_parse:131
calls=1 131
555 1 3195 3195
556 1 4 4
fl=/usr/lib/python3.8/socket.py
fn=create_connection:771
771 1 5 5
785 1 8 8
786 1 5 5
787 2 20 10
cfl=/usr/lib/python3.8/socket.py
cfn=getaddrinfo:901
calls=1 901
787 1 19970 19970
788 1 4 4
789 1 4 4
790 1 4 4
791 1 13 13
cfl=/usr/lib/python3.8/socket.py
cfn=__init__:219
calls=1 219
791 1 55 55
792 1 4 4
794 1 3 3
796 1 51 51
801 1 5 5
802 1 4 4
803 1 4 4
804 1 12 12
cfl=/usr/lib/python3.8/socket.py
cfn=close:496
calls=1 496
804 1 41 41
806 1 3 3
807 1 4 4
808 1 5 5
811 1 5 5
fn=getaddrinfo:901
901 1 5 5
917 1 4 4
918 2 233 116
cfl=/usr/lib/python3.8/encodings/__init__.py
cfn=search_function:70
calls=1 70
918 1 19526 19526
cfl=/usr/lib/python3.8/encodings/idna.py
cfn=encode:147
calls=1 147
918 1 42 42
919 1 9 9
920 2 16 8
cfl=/usr/lib/python3.8/socket.py
cfn=_intenum_converter:97
calls=1 97
920 1 70 70
921 1 9 9
cfl=/usr/lib/python3.8/socket.py
cfn=_intenum_converter:97
calls=1 97
921 1 45 45
922 1 4 4
923 1 3 3
fn=_intenum_converter:97
97 2 7 3
102 2 10 5
103 2 23 11
cfl=/usr/lib/python3.8/enum.py
cfn=__call__:283
calls=2 283
103 2 75 37
fn=__init__:219
219 1 4 4
224 1 3 3
225 1 4 4
227 1 4 4
229 1 5 5
231 1 24 24
232 1 5 5
233 1 4 4
fn=close:496
496 1 3 3
498 1 4 4
499 1 5 5
500 1 12 12
cfl=/usr/lib/python3.8/socket.py
cfn=_real_close:492
calls=1 492
500 1 15 15
fn=_real_close:492
492 1 3 3
494 1 11 11
fl=/usr/lib/python3.8/email/policy.py
fn=<module>:1
1 2 25 12
5 1 5 5
6 1 6 6
7 1 8 8
8 1 8 8
9 1 21 21
cfl=<frozen importlib._bootstrap>
cfn=_find_and_load:986
calls=1 986
9 1 67959 67959
10 1 18 18
cfl=<frozen importlib._bootstrap>
cfn=_find_and_load:986
calls=1 986
10 1 2920 2920
11 1 7 7
13 1 6 6
14 1 5 5
15 1 5 5
16 1 5 5
17 1 5 5
18 1 5 5
19 1 5 5
20 1 5 5
21 1 5 5
24 1 19 19
cfl=/usr/lib/python3.8/re.py
cfn=compile:250
calls=1 250
24 1 2448 2448
26 1 6 6
27 1 45 45
cfl=/usr/lib/python3.8/email/policy.py
cfn=EmailPolicy:26
calls=1 26
27 1 129 129
cfl=/usr/lib/python3.8/abc.py
cfn=__new__:84
calls=1 84
27 1 59 59
cfl=/usr/lib/python3.8/email/_policybase.py
cfn=_extend_docstrings:99
calls=1 99
27 1 521 521
218 1 15 15
cfl=/usr/lib/python3.8/email/policy.py
cfn=__init__:93
calls=1 93
218 1 64 64
220 1 7 7
221 1 16 16
cfl=/usr/lib/python3.8/email/_policybase.py
cfn=clone:60
calls=1 60
221 1 39 39
222 1 16 16
cfl=/usr/lib/python3.8/email/_policybase.py
cfn=clone:60
calls=1 60
222 1 27 27
223 1 14 14
cfl=/usr/lib/python3.8/email/_policybase.py
cfn=clone:60
calls=1 60
223 1 36 36
224 1 14 14
cfl=/usr/lib/python3.8/email/_policybase.py
cfn=clone:60
calls=1 60
224 1 34 34
fn=EmailPolicy:26
26 2 13 6
29 1 4 4
87 1 5 5
88 1 4 4
89 1 6 6
90 1 16 16
cfl=/usr/lib/python3.8/email/headerregistry.py
cfn=__init__:569
calls=1 569
90 1 30 30
91 1 5 5
93 1 5 5
100 1 5 5
118 1 5 5
131 1 5 5
150 1 5 5
165 1 5 5
186 1 5 5
204 1 5 5
fn=__init__:93
93 1 5 5
96 1 4 4
97 1 11 11
cfl=/usr/lib/python3.8/email/headerregistry.py
cfn=__init__:569
calls=1 569
97 1 20 20
98 1 11 11
cfl=/usr/lib/python3.8/email/_policybase.py
cfn=__init__:41
calls=1 41
98 1 10 10
fn=header_max_count:100
100 4 11 2
106 4 40 10
cfl=/usr/lib/python3.8/email/headerregistry.py
cfn=__getitem__:593
calls=4 593
106 4 106 26
fn=header_store_parse:131
131 5 15 3
141 5 19 3
143 5 20 4
148 5 46 9
cfl=/usr/lib/python3.8/email/headerregistry.py
cfn=__call__:597
calls=5 597
148 5 6168 1233
fn=header_fetch_parse:150
150 3 7 2
159 3 27 9
cfl=/usr/lib/python3.8/email/headerregistry.py
cfn=name:215
calls=3 215
159 3 17 5
160 3 10 3
fl=/usr/lib/python3.8/email/_policybase.py
fn=_extend_docstrings:99
99 1 9 9
100 1 8 8
101 1 13 13
cfl=/usr/lib/python3.8/email/_policybase.py
cfn=_append_doc:94
calls=1 94
101 1 29 29
102 18 61 3
103 17 58 3
104 6 53 8
cfl=/usr/lib/python3.8/email/_policybase.py
cfn=<genexpr>:104
calls=6 104
104 6 40 6
105 6 24 4
106 6 20 3
107 6 52 8
cfl=/usr/lib/python3.8/email/_policybase.py
cfn=_append_doc:94
calls=6 94
107 6 76 12
108 6 52 8
cfl=/usr/lib/python3.8/email/_policybase.py
cfn=<genexpr>:104
calls=6 104
108 6 17 2
109 1 3 3
fn=_append_doc:94
94 7 18 2
95 7 28 4
96 7 32 4
97 7 26 3
fn=<genexpr>:104
104 18 57 3
fn=__init__:41
41 1 5 5
47 1 4 4
fn=clone:60
60 4 19 4
67 4 16 4
68 5 19 3
69 1 3 3
70 9 32 3
71 5 16 3
75 5 18 3
76 4 12 3
fl=/usr/lib/python3.8/re.py
fn=compile:250
250 21 207 9
252 21 231 11
cfl=/usr/lib/python3.8/re.py
cfn=_compile:289
calls=21 289
252 21 93873 4470
fn=_compile:289
289 21 66 3
291 21 83 3
292 4 41 10
cfl=/usr/lib/python3.8/types.py
cfn=__get__:171
calls=4 171
292 4 114 28
293 21 70 3
294 21 92 4
295 14 50 3
296 14 49 3
297 14 49 3
302 14 130 9
cfl=/usr/lib/python3.8/sre_compile.py
cfn=isstring:595
calls=14 595
302 14 91 6
304 14 152 10
cfl=/usr/lib/python3.8/sre_compile.py
cfn=compile:759
calls=14 759
304 14 91439 6531
305 14 136 9
cfl=/usr/lib/python3.8/enum.py
cfn=__and__:833
calls=14 833
305 14 1155 82
306 14 51 3
312 14 51 3
313 14 46 3
fn=escape:270
270 48 204 4
274 48 159 3
275 48 171 3
fn=_subx:325
325 8 24 3
327 8 46 5
cfl=/usr/lib/python3.8/re.py
cfn=_compile_repl:315
calls=2 315
327 2 871 435
328 8 28 3
330 4 12 3
331 4 14 3
333 4 13 3
fn=_compile_repl:315
315 2 14 7
318 2 25 12
cfl=/usr/lib/python3.8/sre_parse.py
cfn=parse_template:969
calls=2 969
318 2 831 415
fl=/usr/lib/python3.8/types.py
fn=__get__:171
171 4 13 3
172 4 16 4
176 4 14 3
178 4 40 10
cfl=/usr/lib/python3.8/enum.py
cfn=value:664
calls=4 664
178 4 29 7
fl=/usr/lib/python3.8/encodings/idna.py
fn=<module>:3
3 2 35 17
cfl=<frozen importlib._bootstrap>
cfn=_find_and_load:986
calls=1 986
3 1 5190 5190
4 1 6 6
7 1 23 23
cfl=/usr/lib/python3.8/re.py
cfn=compile:250
calls=1 250
7 1 11325 11325
10 1 10 10
11 1 6 6
14 1 6 6
62 1 6 6
105 1 5 5
146 1 34 34
cfl=/usr/lib/python3.8/encodings/idna.py
cfn=Codec:146
calls=1 146
146 1 19 19
218 1 28 28
cfl=/usr/lib/python3.8/encodings/idna.py
cfn=IncrementalEncoder:218
calls=1 218
218 1 13 13
253 1 28 28
cfl=/usr/lib/python3.8/encodings/idna.py
cfn=IncrementalDecoder:253
calls=1 253
253 1 14 14
292 1 34 34
cfl=/usr/lib/python3.8/encodings/idna.py
cfn=StreamWriter:292
calls=1 292
292 1 13 13
295 1 26 26
cfl=/usr/lib/python3.8/encodings/idna.py
cfn=StreamReader:295
calls=1 295
295 1 12 12
300 1 6 6
fn=Codec:146
146 2 11 5
147 1 3 3
184 1 4 4
fn=encode:147
147 1 3 3
149 1 4 4
153 1 4 4
156 1 4 4
157 1 5 5
162 1 5 5
163 1 5 5
166 1 4 4
168 1 4 4
fn=IncrementalEncoder:218
218 2 10 5
219 1 3 3
fn=IncrementalDecoder:253
253 2 11 5
254 1 3 3
fn=StreamWriter:292
292 2 10 5
293 1 3 3
fn=StreamReader:295
295 2 9 4
296 1 3 3
fn=getregentry:300
300 1 3 3
301 2 17 8
cfl=/usr/lib/python3.8/codecs.py
cfn=__new__:94
calls=1 94
301 1 51 51
302 1 3 3
303 1 5 5
304 1 4 4
305 1 3 3
306 1 3 3
307 1 3 3
308 1 3 3
fl=/usr/lib/python3.8/email/_header_value_parser.py
fn=<module>:1
1 2 108 54
70 1 19 19
71 1 34 34
72 1 33 33
73 1 34 34
74 1 36 36
75 1 84 84
cfl=<frozen importlib._bootstrap>
cfn=_handle_fromlist:1017
calls=1 1017
75 1 56 56
76 1 84 84
cfl=<frozen importlib._bootstrap>
cfn=_handle_fromlist:1017
calls=1 1017
76 1 38 38
77 1 82 82
cfl=<frozen importlib._bootstrap>
cfn=_handle_fromlist:1017
calls=1 1017
77 1 38 38
83 1 35 35
84 1 36 36
85 1 34 34
86 1 33 33
87 1 35 35
89 1 34 34
90 1 34 34
91 1 37 37
92 1 34 34
93 1 32 32
94 1 33 33
96 1 34 34
100 2 127 63
cfl=/usr/lib/python3.8/re.py
cfn=compile:250
calls=1 250
100 1 20793 20793
108 1 87 87
cfl=/usr/lib/python3.8/enum.py
cfn=__or__:827
calls=1 827
108 1 123 123
115 1 97 97
cfl=/usr/lib/python3.8/email/_header_value_parser.py
cfn=TokenList:115
calls=1 115
115 1 144 144
182 1 106 106
cfl=/usr/lib/python3.8/email/_header_value_parser.py
cfn=WhiteSpaceTokenList:182
calls=1 182
182 1 54 54
193 1 100 100
cfl=/usr/lib/python3.8/email/_header_value_parser.py
cfn=UnstructuredTokenList:193
calls=1 193
193 1 59 59
197 1 91 91
cfl=/usr/lib/python3.8/email/_header_value_parser.py
cfn=Phrase:197
calls=1 197
197 1 41 41
200 1 89 89
cfl=/usr/lib/python3.8/email/_header_value_parser.py
cfn=Word:200
calls=1 200
200 1 43 43
204 1 95 95
cfl=/usr/lib/python3.8/email/_header_value_parser.py
cfn=CFWSList:204
calls=1 204
204 1 40 40
208 1 92 92
cfl=/usr/lib/python3.8/email/_header_value_parser.py
cfn=Atom:208
calls=1 208
208 1 41 41
212 1 94 94
cfl=/usr/lib/python3.8/email/_header_value_parser.py
cfn=Token:212
calls=1 212
212 1 43 43
217 1 92 92
cfl=/usr/lib/python3.8/email/_header_value_parser.py
cfn=EncodedWord:217
calls=1 217
217 1 50 50
224 1 94 94
cfl=/usr/lib/python3.8/email/_header_value_parser.py
cfn=QuotedString:224
calls=1 224
224 1 65 65
251 1 95 95
cfl=/usr/lib/python3.8/email/_header_value_parser.py
cfn=BareQuotedString:251
calls=1 251
251 1 54 54
263 1 96 96
cfl=/usr/lib/python3.8/email/_header_value_parser.py
cfn=Comment:263
calls=1 263
263 1 70 70
289 1 94 94
cfl=/usr/lib/python3.8/email/_header_value_parser.py
cfn=AddressList:289
calls=1 289
289 1 68 68
308 1 95 95
cfl=/usr/lib/python3.8/email/_header_value_parser.py
cfn=Address:308
calls=1 308
308 1 68 68
333 1 94 94
cfl=/usr/lib/python3.8/email/_header_value_parser.py
cfn=MailboxList:333
calls=1 333
333 1 56 56
347 1 94 94
cfl=/usr/lib/python3.8/email/_header_value_parser.py
cfn=GroupList:347
calls=1 347
347 1 57 57
364 1 94 94
cfl=/usr/lib/python3.8/email/_header_value_parser.py
cfn=Group:364
calls=1 364
364 1 92 92
385 1 94 94
cfl=/usr/lib/python3.8/email/_header_value_parser.py
cfn=NameAddr:385
calls=1 385
385 1 87 87
412 1 93 93
cfl=/usr/lib/python3.8/email/_header_value_parser.py
cfn=AngleAddr:412
calls=1 412
412 1 75 75
446 1 92 92
cfl=/usr/lib/python3.8/email/_header_value_parser.py
cfn=ObsRoute:446
calls=1 446
446 1 48 48
455 1 94 94
cfl=/usr/lib/python3.8/email/_header_value_parser.py
cfn=Mailbox:455
calls=1 455
455 1 87 87
482 1 91 91
cfl=/usr/lib/python3.8/email/_header_value_parser.py
cfn=InvalidMailbox:482
calls=1 482
482 1 52 52
493 1 95 95
cfl=/usr/lib/python3.8/email/_header_value_parser.py
cfn=Domain:493
calls=1 493
493 1 52 52
503 1 97 97
cfl=/usr/lib/python3.8/email/_header_value_parser.py
cfn=DotAtom:503
calls=1 503
503 1 39 39
507 1 91 91
cfl=/usr/lib/python3.8/email/_header_value_parser.py
cfn=DotAtomText:507
calls=1 507
507 1 44 44
512 1 90 90
cfl=/usr/lib/python3.8/email/_header_value_parser.py
cfn=NoFoldLiteral:512
calls=1 512
512 1 46 46
517 1 93 93
cfl=/usr/lib/python3.8/email/_header_value_parser.py
cfn=AddrSpec:517
calls=1 517
517 1 79 79
550 1 91 91
cfl=/usr/lib/python3.8/email/_header_value_parser.py
cfn=ObsLocalPart:550
calls=1 550
550 1 45 45
556 1 129 129
cfl=/usr/lib/python3.8/email/_header_value_parser.py
cfn=DisplayName:556
calls=1 556
556 1 63 63
598 1 93 93
cfl=/usr/lib/python3.8/email/_header_value_parser.py
cfn=LocalPart:598
calls=1 598
598 1 60 60
634 1 94 94
cfl=/usr/lib/python3.8/email/_header_value_parser.py
cfn=DomainLiteral:634
calls=1 634
634 1 66 66
650 1 93 93
cfl=/usr/lib/python3.8/email/_header_value_parser.py
cfn=MIMEVersion:650
calls=1 650
650 1 49 49
657 1 93 93
cfl=/usr/lib/python3.8/email/_header_value_parser.py
cfn=Parameter:657
calls=1 657
657 1 68 68
685 1 95 95
cfl=/usr/lib/python3.8/email/_header_value_parser.py
cfn=InvalidParameter:685
calls=1 685
685 1 40 40
690 1 91 91
cfl=/usr/lib/python3.8/email/_header_value_parser.py
cfn=Attribute:690
calls=1 690
690 1 49 49
700 1 90 90
cfl=/usr/lib/python3.8/email/_header_value_parser.py
cfn=Section:700
calls=1 700
700 1 43 43
706 1 94 94
cfl=/usr/lib/python3.8/email/_header_value_parser.py
cfn=Value:706
calls=1 706
706 1 50 50
721 1 95 95
cfl=/usr/lib/python3.8/email/_header_value_parser.py
cfn=MimeParameters:721
calls=1 721
721 1 62 62
807 1 568 568
cfl=/usr/lib/python3.8/email/_header_value_parser.py
cfn=ParameterizedHeaderValue:807
calls=1 807
807 1 50 50
821 1 94 94
cfl=/usr/lib/python3.8/email/_header_value_parser.py
cfn=ContentType:821
calls=1 821
821 1 53 53
828 1 98 98
cfl=/usr/lib/python3.8/email/_header_value_parser.py
cfn=ContentDisposition:828
calls=1 828
828 1 47 47
834 1 93 93
cfl=/usr/lib/python3.8/email/_header_value_parser.py
cfn=ContentTransferEncoding:834
calls=1 834
834 1 48 48
840 1 106 106
cfl=/usr/lib/python3.8/email/_header_value_parser.py
cfn=HeaderLabel:840
calls=1 840
840 1 43 43
845 1 93 93
cfl=/usr/lib/python3.8/email/_header_value_parser.py
cfn=MsgID:845
calls=1 845
845 1 47 47
854 1 94 94
cfl=/usr/lib/python3.8/email/_header_value_parser.py
cfn=MessageID:854
calls=1 854
854 1 42 42
858 1 98 98
cfl=/usr/lib/python3.8/email/_header_value_parser.py
cfn=InvalidMessageID:858
calls=1 858
858 1 40 40
862 1 92 92
cfl=/usr/lib/python3.8/email/_header_value_parser.py
cfn=Header:862
calls=1 862
862 1 40 40
870 1 100 100
cfl=/usr/lib/python3.8/email/_header_value_parser.py
cfn=Terminal:870
calls=1 870
870 1 102 102
913 1 95 95
cfl=/usr/lib/python3.8/email/_header_value_parser.py
cfn=WhiteSpaceTerminal:913
calls=1 913
913 1 50 50
923 1 91 91
cfl=/usr/lib/python3.8/email/_header_value_parser.py
cfn=ValueTerminal:923
calls=1 923
923 1 49 49
933 1 95 95
cfl=/usr/lib/python3.8/email/_header_value_parser.py
cfn=EWWhiteSpaceTerminal:933
calls=1 933
933 1 47 47
943 1 112 112
cfl=/usr/lib/python3.8/email/_header_value_parser.py
cfn=_InvalidEwError:943
calls=1 943
943 1 40 40
950 1 86 86
cfl=/usr/lib/python3.8/email/_header_value_parser.py
cfn=__new__:876
calls=1 876
950 1 54 54
951 1 83 83
cfl=/usr/lib/python3.8/email/_header_value_parser.py
cfn=__new__:876
calls=1 876
951 1 31 31
952 1 81 81
cfl=/usr/lib/python3.8/email/_header_value_parser.py
cfn=__new__:876
calls=1 876
952 1 31 31
975 1 96 96
cfl=/usr/lib/python3.8/re.py
cfn=compile:250
calls=1 250
975 1 3381 3381
976 2 125 62
cfl=/usr/lib/python3.8/re.py
cfn=compile:250
calls=1 250
976 1 4770 4770
977 1 86 86
cfl=/usr/lib/python3.8/re.py
cfn=escape:270
calls=1 270
977 1 54 54
978 1 73 73
cfl=/usr/lib/python3.8/re.py
cfn=compile:250
calls=1 250
978 1 3205 3205
979 2 121 60
cfl=/usr/lib/python3.8/re.py
cfn=compile:250
calls=1 250
979 1 4972 4972
980 1 83 83
cfl=/usr/lib/python3.8/re.py
cfn=escape:270
calls=1 270
980 1 26 26
981 2 107 53
cfl=/usr/lib/python3.8/re.py
cfn=compile:250
calls=1 250
981 1 5435 5435
982 1 87 87
cfl=/usr/lib/python3.8/re.py
cfn=escape:270
calls=1 270
982 1 26 26
983 2 107 53
cfl=/usr/lib/python3.8/re.py
cfn=compile:250
calls=1 250
983 1 5311 5311
984 1 84 84
cfl=/usr/lib/python3.8/re.py
cfn=escape:270
calls=1 270
984 1 26 26
986 1 18 18
996 1 34 34
1026 1 33 33
1038 1 32 32
1087 1 33 33
1154 1 32 32
1171 1 33 33
1186 1 32 32
1202 1 32 32
1245 1 32 32
1270 1 32 32
1283 1 32 32
1301 1 32 32
1328 1 32 32
1347 1 32 32
1372 1 32 32
1406 1 32 32
1444 1 34 34
1483 1 33 33
1530 1 32 32
1550 1 33 33
1558 1 38 38
1597 1 33 33
1635 1 34 34
1651 1 32 32
1692 1 34 34
1738 1 34 34
1753 1 34 34
1783 1 32 32
1804 1 32 32
1822 1 32 32
1879 1 32 32
1916 1 32 32
1946 1 32 32
1975 1 32 32
2030 1 33 33
2052 1 32 32
2121 1 33 33
2149 1 32 32
2217 1 34 34
2235 1 34 34
2254 1 33 33
2277 1 32 32
2296 1 32 32
2319 1 32 32
2337 1 32 32
2359 1 33 33
2389 1 32 32
2411 1 33 33
2553 1 32 32
2605 1 32 32
2621 1 32 32
2678 1 32 32
2708 1 34 34
2755 1 33 33
2762 1 32 32
2865 1 36 36
2930 1 34 34
fn=quote_string:96
96 1 3 3
97 1 4 4
fn=TokenList:115
115 2 41 20
117 1 3 3
118 1 5 5
119 1 5 5
121 1 5 5
125 1 5 5
128 1 5 5
132 1 5 5
133 1 10 10
136 1 5 5
137 1 5 5
140 1 5 5
143 1 5 5
144 1 5 5
148 1 5 5
149 1 5 5
155 1 4 4
158 1 5 5
161 1 4 4
164 1 5 5
fn=__init__:121
121 17 56 3
122 17 71 4
123 17 62 3
fn=__str__:125
125 10 30 3
126 10 197 19
cfl=/usr/lib/python3.8/email/_header_value_parser.py
cfn=<genexpr>:126
calls=32 126
126 32 774 24
fn=value:132
132 7 19 2
134 7 108 15
cfl=/usr/lib/python3.8/email/_header_value_parser.py
cfn=<genexpr>:134
calls=16 134
134 16 284 17
fn=all_defects:136
136 16 42 2
138 16 266 16
cfl=/usr/lib/python3.8/email/_header_value_parser.py
cfn=<genexpr>:138
calls=43 138
138 43 677 15
fn=WhiteSpaceTokenList:182
182 2 38 19
184 1 3 3
185 1 4 4
188 1 3 3
189 1 5 5
fn=value:184
184 4 9 2
186 4 13 3
fn=UnstructuredTokenList:193
193 2 56 28
194 1 3 3
fn=Phrase:197
197 2 38 19
198 1 3 3
fn=Word:200
200 2 39 19
201 1 3 3
fn=CFWSList:204
204 2 36 18
205 1 3 3
fn=Atom:208
208 2 36 18
209 1 5 5
fn=Token:212
212 2 36 18
213 1 3 3
214 1 3 3
fn=EncodedWord:217
217 2 36 18
218 1 3 3
219 1 3 3
220 1 3 3
221 1 3 3
fn=QuotedString:224
224 2 37 18
226 1 3 3
228 1 3 3
229 1 4 4
234 1 3 3
235 1 3 3
244 1 3 3
245 1 4 4
fn=stripped_value:244
244 2 5 2
246 2 6 3
247 2 7 3
248 2 17 8
cfl=/usr/lib/python3.8/email/_header_value_parser.py
cfn=value:258
calls=2 258
248 2 59 29
fn=BareQuotedString:251
251 2 37 18
253 1 3 3
255 1 5 5
258 1 3 3
259 1 4 4
fn=value:258
258 2 5 2
260 2 28 14
cfl=/usr/lib/python3.8/email/_header_value_parser.py
cfn=<genexpr>:260
calls=4 260
260 4 25 6
fn=Comment:263
263 2 40 20
265 1 3 3
267 1 5 5
274 1 4 4
281 1 3 3
282 1 4 4
285 1 3 3
286 1 4 4
fn=AddressList:289
289 2 37 18
291 1 3 3
293 1 3 3
294 1 4 4
297 1 3 3
298 1 4 4
302 1 3 3
303 1 6 6
fn=Address:308
308 2 41 20
310 1 3 3
312 1 3 3
313 1 3 3
317 1 3 3
318 1 3 3
325 1 3 3
326 1 3 3
fn=MailboxList:333
333 2 37 18
335 1 3 3
337 1 3 3
338 1 4 4
341 1 3 3
342 1 3 3
fn=GroupList:347
347 2 37 18
349 1 3 3
351 1 3 3
352 1 4 4
357 1 3 3
358 1 5 5
fn=Group:364
364 2 37 18
366 1 3 3
368 1 3 3
369 1 4 4
374 1 3 3
375 1 3 3
380 1 3 3
381 1 32 32
fn=NameAddr:385
385 2 39 19
387 1 3 3
389 1 4 4
390 1 4 4
395 1 4 4
396 1 5 5
399 1 4 4
400 1 4 4
403 1 4 4
404 1 4 4
407 1 3 3
408 1 5 5
fn=AngleAddr:412
412 2 38 19
414 1 3 3
416 1 4 4
417 1 4 4
422 1 4 4
423 1 4 4
428 1 4 4
429 1 4 4
434 1 3 3
435 1 4 4
fn=ObsRoute:446
446 2 37 18
448 1 3 3
450 1 3 3
451 1 3 3
fn=Mailbox:455
455 2 39 19
457 1 3 3
459 1 4 4
460 1 4 4
464 1 3 3
465 1 4 4
468 1 5 5
469 1 5 5
472 1 3 3
473 1 4 4
477 1 4 4
478 1 4 4
fn=InvalidMailbox:482
482 2 36 18
484 1 3 3
486 1 3 3
487 1 3 3
490 1 4 4
fn=Domain:493
493 2 37 18
495 1 3 3
496 1 4 4
498 1 3 3
499 1 4 4
fn=DotAtom:503
503 2 36 18
504 1 3 3
fn=DotAtomText:507
507 2 36 18
508 1 3 3
509 1 3 3
fn=NoFoldLiteral:512
512 2 37 18
513 1 3 3
514 1 5 5
fn=AddrSpec:517
517 2 37 18
519 1 3 3
520 1 4 4
522 1 3 3
523 1 4 4
526 1 3 3
527 1 4 4
532 1 3 3
533 1 5 5
538 1 4 4
539 1 4 4
fn=ObsLocalPart:550
550 2 36 18
552 1 3 3
553 1 5 5
fn=DisplayName:556
556 2 38 19
558 1 3 3
559 1 4 4
561 1 4 4
562 1 4 4
578 1 3 3
579 1 5 5
fn=LocalPart:598
598 2 37 18
600 1 3 3
601 1 4 4
603 1 3 3
604 1 4 4
610 1 3 3
611 1 3 3
fn=DomainLiteral:634
634 2 39 19
636 1 4 4
637 1 4 4
639 1 5 5
640 1 4 4
643 1 4 4
644 1 3 3
fn=MIMEVersion:650
650 2 38 19
652 1 3 3
653 1 3 3
654 1 3 3
fn=Parameter:657
657 2 37 18
659 1 3 3
660 1 3 3
661 1 3 3
662 1 3 3
664 1 3 3
665 1 5 5
670 1 3 3
671 1 4 4
fn=section_number:664
664 2 8 4
668 2 7 3
fn=param_value:670
670 2 6 3
673 6 19 3
674 6 21 3
675 2 16 8
cfl=/usr/lib/python3.8/email/_header_value_parser.py
cfn=stripped_value:710
calls=2 710
675 2 158 79
676 4 13 3
fn=InvalidParameter:685
685 2 36 18
687 1 3 3
fn=Attribute:690
690 2 38 19
692 1 3 3
694 1 3 3
695 1 3 3
fn=Section:700
700 2 36 18
702 1 3 3
703 1 3 3
fn=Value:706
706 2 38 19
708 1 3 3
710 1 3 3
711 1 4 4
fn=stripped_value:710
710 2 6 3
712 2 7 3
713 2 7 3
715 4 13 3
716 2 6 3
717 2 20 10
cfl=/usr/lib/python3.8/email/_header_value_parser.py
cfn=stripped_value:244
calls=2 244
717 2 97 48
fn=MimeParameters:721
721 2 41 20
723 1 3 3
724 1 4 4
726 1 4 4
727 1 5 5
796 1 4 4
fn=params:726
726 3 15 5
733 2 8 4
734 4 18 4
735 2 9 4
737 2 10 5
739 2 21 10
cfl=/usr/lib/python3.8/email/_header_value_parser.py
cfn=value:132
calls=2 132
739 2 162 81
740 2 8 4
741 2 9 4
742 2 47 23
cfl=/usr/lib/python3.8/email/_header_value_parser.py
cfn=section_number:664
calls=2 664
742 2 15 7
743 4 16 4
744 2 12 6
745 2 9 4
746 2 8 4
750 2 10 5
757 2 8 4
758 2 8 4
759 4 16 4
760 2 7 3
771 2 7 3
772 2 20 10
cfl=/usr/lib/python3.8/email/_header_value_parser.py
cfn=param_value:670
calls=2 670
772 2 236 118
773 2 8 4
792 2 7 3
793 2 6 3
794 4 15 3
fn=__str__:796
796 1 3 3
797 1 3 3
798 2 23 11
cfl=/usr/lib/python3.8/email/_header_value_parser.py
cfn=params:726
calls=2 726
798 2 406 203
799 1 4 4
800 1 13 13
cfl=/usr/lib/python3.8/email/_header_value_parser.py
cfn=quote_string:96
calls=1 96
800 1 7 7
803 1 3 3
804 1 4 4
fn=ParameterizedHeaderValue:807
807 2 36 18
811 1 3 3
813 1 3 3
814 1 6 6
fn=params:813
813 4 14 3
815 10 33 3
816 8 26 3
817 2 6 3
818 2 5 2
fn=ContentType:821
821 2 39 19
822 1 3 3
823 1 4 4
824 1 3 3
825 1 4 4
fn=ContentDisposition:828
828 2 36 18
829 1 3 3
830 1 4 4
831 1 3 3
fn=ContentTransferEncoding:834
834 2 36 18
835 1 3 3
836 1 3 3
837 1 5 5
fn=HeaderLabel:840
840 2 36 18
841 1 3 3
842 1 3 3
fn=MsgID:845
845 2 36 18
846 1 3 3
847 1 4 4
849 1 3 3
fn=MessageID:854
854 2 39 19
855 1 3 3
fn=InvalidMessageID:858
858 2 36 18
859 1 3 3
fn=Header:862
862 2 37 18
863 1 3 3
fn=Terminal:870
870 2 38 19
872 1 3 3
873 1 4 4
874 1 5 5
876 1 5 5
882 1 4 4
885 1 4 4
888 1 5 5
889 1 5 5
892 1 4 4
901 1 5 5
905 1 5 5
906 1 4 4
909 1 4 4
fn=__new__:876
876 23 132 5
877 23 95 4
878 23 80 3
879 23 76 3
880 23 73 3
fn=all_defects:888
888 15 38 2
890 15 49 3
fn=WhiteSpaceTerminal:913
913 2 36 18
915 1 4 4
916 1 5 5
919 1 4 4
fn=ValueTerminal:923
923 2 38 19
925 1 3 3
926 1 3 3
929 1 3 3
fn=value:925
925 14 34 2
927 14 44 3
fn=EWWhiteSpaceTerminal:933
933 2 36 18
935 1 3 3
936 1 3 3
939 1 3 3
fn=_InvalidEwError:943
943 2 36 18
944 1 3 3
fn=_validate_xtext:986
986 10 28 2
989 10 36 3
990 10 34 3
992 10 88 8
cfl=/usr/lib/python3.8/email/utils.py
cfn=_has_surrogates:51
calls=10 51
992 10 132 13
fn=_get_ptext_to_endchars:996
996 1 4 4
1005 1 7 7
1006 1 4 4
1007 1 4 4
1008 1 4 4
1009 6 21 3
1010 6 20 3
1017 6 19 3
1019 6 19 3
1020 1 2 2
1021 5 16 3
1024 1 5 5
fn=get_fws:1026
1026 3 9 3
1034 3 11 3
1035 3 28 9
cfl=/usr/lib/python3.8/email/_header_value_parser.py
cfn=__new__:876
calls=3 876
1035 3 51 17
1036 3 10 3
fn=get_unstructured:1087
1087 1 4 4
1110 1 14 14
cfl=/usr/lib/python3.8/email/_header_value_parser.py
cfn=__init__:121
calls=1 121
1110 1 14 14
1111 6 24 4
1112 5 18 3
1113 2 20 10
cfl=/usr/lib/python3.8/email/_header_value_parser.py
cfn=get_fws:1026
calls=2 1026
1113 2 74 37
1114 2 10 5
1115 2 7 3
1116 3 10 3
1117 3 12 4
1139 3 16 5
1146 3 15 5
1148 3 28 9
cfl=/usr/lib/python3.8/email/_header_value_parser.py
cfn=__new__:876
calls=3 876
1148 3 53 17
1149 3 30 10
cfl=/usr/lib/python3.8/email/_header_value_parser.py
cfn=_validate_xtext:986
calls=3 986
1149 3 108 36
1150 3 11 3
1151 3 12 4
1152 1 3 3
fn=get_qcontent:1171
1171 1 3 3
1181 1 11 11
cfl=/usr/lib/python3.8/email/_header_value_parser.py
cfn=_get_ptext_to_endchars:996
calls=1 996
1181 1 129 129
1182 1 10 10
cfl=/usr/lib/python3.8/email/_header_value_parser.py
cfn=__new__:876
calls=1 876
1182 1 16 16
1183 1 9 9
cfl=/usr/lib/python3.8/email/_header_value_parser.py
cfn=_validate_xtext:986
calls=1 986
1183 1 31 31
1184 1 4 4
fn=get_bare_quoted_string:1202
1202 1 3 3
1209 1 4 4
1212 1 9 9
cfl=/usr/lib/python3.8/email/_header_value_parser.py
cfn=__init__:121
calls=1 121
1212 1 10 10
1213 1 4 4
1214 1 4 4
1217 2 8 4
1218 1 6 6
1220 1 5 5
1237 1 12 12
cfl=/usr/lib/python3.8/email/_header_value_parser.py
cfn=get_qcontent:1171
calls=1 1171
1237 1 216 216
1238 1 4 4
1239 1 3 3
1243 1 5 5
fn=get_cfws:1270
1270 1 3 3
1274 1 9 9
cfl=/usr/lib/python3.8/email/_header_value_parser.py
cfn=__init__:121
calls=1 121
1274 1 9 9
1275 2 8 4
1276 1 4 4
1277 1 10 10
cfl=/usr/lib/python3.8/email/_header_value_parser.py
cfn=get_fws:1026
calls=1 1026
1277 1 37 37
1280 1 4 4
1281 1 3 3
fn=get_quoted_string:1283
1283 1 3 3
1290 1 10 10
cfl=/usr/lib/python3.8/email/_header_value_parser.py
cfn=__init__:121
calls=1 121
1290 1 10 10
1291 1 4 4
1294 1 10 10
cfl=/usr/lib/python3.8/email/_header_value_parser.py
cfn=get_bare_quoted_string:1202
calls=1 1202
1294 1 301 301
1295 1 3 3
1296 1 3 3
1299 1 3 3
fn=parse_mime_version:2149
2149 1 4 4
2155 1 11 11
cfl=/usr/lib/python3.8/email/_header_value_parser.py
cfn=__init__:121
calls=1 121
2155 1 10 10
2156 1 4 4
2160 1 4 4
2166 1 3 3
2167 2 9 4
2168 1 3 3
2169 1 4 4
2170 1 3 3
2175 1 5 5
2176 1 10 10
cfl=/usr/lib/python3.8/email/_header_value_parser.py
cfn=__new__:876
calls=1 876
2176 1 17 17
2177 1 4 4
2180 1 4 4
2187 1 10 10
cfl=/usr/lib/python3.8/email/_header_value_parser.py
cfn=__new__:876
calls=1 876
2187 1 16 16
2188 1 4 4
2189 1 4 4
2192 1 3 3
2197 1 4 4
2198 2 8 4
2199 1 4 4
2200 1 3 3
2201 1 3 3
2206 1 5 5
2207 1 9 9
cfl=/usr/lib/python3.8/email/_header_value_parser.py
cfn=__new__:876
calls=1 876
2207 1 17 17
2208 1 4 4
2211 1 4 4
2215 1 5 5
fn=get_ttext:2235
2235 5 15 3
2244 5 21 4
2245 5 18 3
2248 5 19 3
2249 5 16 3
2250 5 44 8
cfl=/usr/lib/python3.8/email/_header_value_parser.py
cfn=__new__:876
calls=5 876
2250 5 84 16
2251 5 45 9
cfl=/usr/lib/python3.8/email/_header_value_parser.py
cfn=_validate_xtext:986
calls=5 986
2251 5 149 29
2252 5 15 3
fn=get_token:2254
2254 5 16 3
2263 5 44 8
cfl=/usr/lib/python3.8/email/_header_value_parser.py
cfn=__init__:121
calls=5 121
2263 5 50 10
2264 5 19 3
2267 5 17 3
2270 5 45 9
cfl=/usr/lib/python3.8/email/_header_value_parser.py
cfn=get_ttext:2235
calls=5 2235
2270 5 431 86
2271 5 18 3
2272 5 17 3
2275 5 17 3
fn=get_attrtext:2277
2277 1 3 3
2286 1 4 4
2287 1 4 4
2290 1 3 3
2291 1 3 3
2292 1 9 9
cfl=/usr/lib/python3.8/email/_header_value_parser.py
cfn=__new__:876
calls=1 876
2292 1 16 16
2293 1 10 10
cfl=/usr/lib/python3.8/email/_header_value_parser.py
cfn=_validate_xtext:986
calls=1 986
2293 1 29 29
2294 1 3 3
fn=get_attribute:2296
2296 1 3 3
2305 1 9 9
cfl=/usr/lib/python3.8/email/_header_value_parser.py
cfn=__init__:121
calls=1 121
2305 1 11 11
2306 1 4 4
2307 1 11 11
cfl=/usr/lib/python3.8/email/_header_value_parser.py
cfn=get_cfws:1270
calls=1 1270
2307 1 90 90
2308 1 4 4
2309 1 4 4
2312 1 10 10
cfl=/usr/lib/python3.8/email/_header_value_parser.py
cfn=get_attrtext:2277
calls=1 2277
2312 1 89 89
2313 1 4 4
2314 1 4 4
2317 1 6 6
fn=get_value:2389
2389 1 5 5
2393 1 10 10
cfl=/usr/lib/python3.8/email/_header_value_parser.py
cfn=__init__:121
calls=1 121
2393 1 10 10
2394 1 4 4
2396 1 3 3
2397 1 4 4
2399 1 3 3
2402 1 5 5
2403 1 10 10
cfl=/usr/lib/python3.8/email/_header_value_parser.py
cfn=get_quoted_string:1283
calls=1 1283
2403 1 352 352
2406 1 3 3
2408 1 3 3
2409 1 5 5
fn=get_parameter:2411
2411 1 5 5
2422 1 10 10
cfl=/usr/lib/python3.8/email/_header_value_parser.py
cfn=__init__:121
calls=1 121
2422 1 10 10
2423 1 12 12
cfl=/usr/lib/python3.8/email/_header_value_parser.py
cfn=get_attribute:2296
calls=1 2296
2423 1 254 254
2424 1 5 5
2425 1 5 5
2429 1 4 4
2442 1 5 5
2444 1 10 10
cfl=/usr/lib/python3.8/email/_header_value_parser.py
cfn=__new__:876
calls=1 876
2444 1 16 16
2445 1 5 5
2446 1 4 4
2447 1 5 5
2450 1 4 4
2451 1 4 4
2452 1 4 4
2489 1 4 4
2492 1 12 12
cfl=/usr/lib/python3.8/email/_header_value_parser.py
cfn=get_value:2389
calls=1 2389
2492 1 421 421
2493 1 4 4
2494 1 5 5
2495 1 4 4
2496 1 4 4
2499 1 4 4
fn=parse_mime_parameters:2553
2553 1 4 4
2566 1 10 10
cfl=/usr/lib/python3.8/email/_header_value_parser.py
cfn=__init__:121
calls=1 121
2566 1 19 19
2567 2 8 4
2568 1 4 4
2569 1 12 12
cfl=/usr/lib/python3.8/email/_header_value_parser.py
cfn=get_parameter:2411
calls=1 2411
2569 1 833 833
2570 1 4 4
2590 1 4 4
2599 1 4 4
2603 1 3 3
fn=parse_content_type_header:2621
2621 2 9 4
2628 2 20 10
cfl=/usr/lib/python3.8/email/_header_value_parser.py
cfn=__init__:121
calls=2 121
2628 2 21 10
2629 2 7 3
2630 2 7 3
2634 2 9 4
2635 2 20 10
cfl=/usr/lib/python3.8/email/_header_value_parser.py
cfn=get_token:2254
calls=2 2254
2635 2 290 145
2641 2 7 3
2644 2 6 3
2650 2 23 11
cfl=/usr/lib/python3.8/email/_header_value_parser.py
cfn=value:132
calls=2 132
2650 2 103 51
2651 2 19 9
cfl=/usr/lib/python3.8/email/_header_value_parser.py
cfn=__new__:876
calls=2 876
2651 2 33 16
2652 2 7 3
2653 2 7 3
2654 2 18 9
cfl=/usr/lib/python3.8/email/_header_value_parser.py
cfn=get_token:2254
calls=2 2254
2654 2 255 127
2660 2 7 3
2661 2 19 9
cfl=/usr/lib/python3.8/email/_header_value_parser.py
cfn=value:132
calls=2 132
2661 2 96 48
2662 2 7 3
2663 1 5 5
2664 1 3 3
2674 1 11 11
cfl=/usr/lib/python3.8/email/_header_value_parser.py
cfn=__new__:876
calls=1 876
2674 1 15 15
2675 1 11 11
cfl=/usr/lib/python3.8/email/_header_value_parser.py
cfn=parse_mime_parameters:2553
calls=1 2553
2675 1 909 909
2676 1 4 4
fn=parse_content_transfer_encoding_header:2708
2708 1 3 3
2713 1 10 10
cfl=/usr/lib/python3.8/email/_header_value_parser.py
cfn=__init__:121
calls=1 121
2713 1 10 10
2714 1 4 4
2718 1 3 3
2719 1 10 10
cfl=/usr/lib/python3.8/email/_header_value_parser.py
cfn=get_token:2254
calls=1 2254
2719 1 131 131
2724 1 4 4
2725 1 10 10
cfl=/usr/lib/python3.8/email/_header_value_parser.py
cfn=value:132
calls=1 132
2725 1 49 49
2726 1 4 4
2727 1 5 5
fn=<genexpr>:126
126 64 222 3
cfl=/usr/lib/python3.8/email/_header_value_parser.py
cfn=__str__:125
calls=5 125
126 5 139 27
cfl=/usr/lib/python3.8/email/_header_value_parser.py
cfn=__str__:796
calls=1 796
126 1 470 470
fn=<genexpr>:134
134 32 181 5
cfl=/usr/lib/python3.8/email/_header_value_parser.py
cfn=value:925
calls=14 925
134 14 79 5
cfl=/usr/lib/python3.8/email/_header_value_parser.py
cfn=value:184
calls=4 184
134 4 22 5
fn=<genexpr>:138
138 86 384 4
cfl=/usr/lib/python3.8/email/_header_value_parser.py
cfn=all_defects:888
calls=15 888
138 15 87 5
cfl=/usr/lib/python3.8/email/_header_value_parser.py
cfn=all_defects:136
calls=12 136
138 12 491 40
fn=<genexpr>:260
260 8 25 3
